生成启动时间为 2016/4/7 22:38:12。
     1>项目“d:\用户目录\documents\visual studio 2010\Projects\dichotomy_search\dichotomy_search\dichotomy_search.vcxproj”在节点 2 上(rebuild 个目标)。
     1>_PrepareForClean:
         正在删除文件“Debug\dichotomy_search.lastbuildstate”。
       InitializeBuildStatus:
         正在创建“Debug\dichotomy_search.unsuccessfulbuild”，因为已指定“AlwaysCreate”。
       ClCompile:
         E:\Microsoft Visual Studio\VC\bin\CL.exe /c /ZI /nologo /W3 /WX- /Od /Oy- /D WIN32 /D _DEBUG /D _CONSOLE /D _UNICODE /D UNICODE /Gm /EHsc /RTC1 /MDd /GS /fp:precise /Zc:wchar_t /Zc:forScope /Yc"StdAfx.h" /Fp"Debug\dichotomy_search.pch" /Fo"Debug\\" /Fd"Debug\vc100.pdb" /Gd /TP /analyze- /errorReport:prompt stdafx.cpp
         stdafx.cpp
         E:\Microsoft Visual Studio\VC\bin\CL.exe /c /ZI /nologo /W3 /WX- /Od /Oy- /D WIN32 /D _DEBUG /D _CONSOLE /D _UNICODE /D UNICODE /Gm /EHsc /RTC1 /MDd /GS /fp:precise /Zc:wchar_t /Zc:forScope /Yu"StdAfx.h" /Fp"Debug\dichotomy_search.pch" /Fo"Debug\\" /Fd"Debug\vc100.pdb" /Gd /TP /analyze- /errorReport:prompt dichotomy_search.cpp
         dichotomy_search.cpp
     1>d:\用户目录\documents\visual studio 2010\projects\dichotomy_search\dichotomy_search\dichotomy_search.cpp(52): warning C4996: 'scanf': This function or variable may be unsafe. Consider using scanf_s instead. To disable deprecation, use _CRT_SECURE_NO_WARNINGS. See online help for details.
                 e:\microsoft visual studio\vc\include\stdio.h(304) : 参见“scanf”的声明
       ManifestResourceCompile:
         C:\Program Files\Microsoft SDKs\Windows\v7.0A\bin\rc.exe /nologo /fo"Debug\dichotomy_search.exe.embed.manifest.res" Debug\dichotomy_search_manifest.rc 
       Link:
         E:\Microsoft Visual Studio\VC\bin\link.exe /ERRORREPORT:PROMPT /OUT:"d:\用户目录\documents\visual studio 2010\Projects\dichotomy_search\Debug\dichotomy_search.exe" /INCREMENTAL /NOLOGO kernel32.lib user32.lib gdi32.lib winspool.lib comdlg32.lib advapi32.lib shell32.lib ole32.lib oleaut32.lib uuid.lib odbc32.lib odbccp32.lib /MANIFEST /ManifestFile:"Debug\dichotomy_search.exe.intermediate.manifest" /MANIFESTUAC:"level='asInvoker' uiAccess='false'" /DEBUG /PDB:"d:\用户目录\documents\visual studio 2010\Projects\dichotomy_search\Debug\dichotomy_search.pdb" /SUBSYSTEM:CONSOLE /TLBID:1 /DYNAMICBASE /NXCOMPAT /IMPLIB:"d:\用户目录\documents\visual studio 2010\Projects\dichotomy_search\Debug\dichotomy_search.lib" /MACHINE:X86 Debug\dichotomy_search.exe.embed.manifest.res
         Debug\dichotomy_search.obj
         Debug\stdafx.obj
       Manifest:
         正在删除文件“Debug\dichotomy_search.exe.embed.manifest”。
         C:\Program Files\Microsoft SDKs\Windows\v7.0A\bin\mt.exe /nologo /verbose /out:"Debug\dichotomy_search.exe.embed.manifest" /manifest Debug\dichotomy_search.exe.intermediate.manifest
         C:\Program Files\Microsoft SDKs\Windows\v7.0A\bin\rc.exe /nologo /fo"Debug\dichotomy_search.exe.embed.manifest.res" Debug\dichotomy_search_manifest.rc 
       LinkEmbedManifest:
         E:\Microsoft Visual Studio\VC\bin\link.exe /ERRORREPORT:PROMPT /OUT:"d:\用户目录\documents\visual studio 2010\Projects\dichotomy_search\Debug\dichotomy_search.exe" /INCREMENTAL /NOLOGO kernel32.lib user32.lib gdi32.lib winspool.lib comdlg32.lib advapi32.lib shell32.lib ole32.lib oleaut32.lib uuid.lib odbc32.lib odbccp32.lib /MANIFEST /ManifestFile:"Debug\dichotomy_search.exe.intermediate.manifest" /MANIFESTUAC:"level='asInvoker' uiAccess='false'" /DEBUG /PDB:"d:\用户目录\documents\visual studio 2010\Projects\dichotomy_search\Debug\dichotomy_search.pdb" /SUBSYSTEM:CONSOLE /TLBID:1 /DYNAMICBASE /NXCOMPAT /IMPLIB:"d:\用户目录\documents\visual studio 2010\Projects\dichotomy_search\Debug\dichotomy_search.lib" /MACHINE:X86 Debug\dichotomy_search.exe.embed.manifest.res
         Debug\dichotomy_search.obj
         Debug\stdafx.obj
         dichotomy_search.vcxproj -> d:\用户目录\documents\visual studio 2010\Projects\dichotomy_search\Debug\dichotomy_search.exe
       FinalizeBuildStatus:
         正在删除文件“Debug\dichotomy_search.unsuccessfulbuild”。
         正在对“Debug\dichotomy_search.lastbuildstate”执行 Touch 任务。
     1>已完成生成项目“d:\用户目录\documents\visual studio 2010\Projects\dichotomy_search\dichotomy_search\dichotomy_search.vcxproj”(rebuild 个目标)的操作。

生成成功。

已用时间 00:00:14.70
