D:\用户目录\DOCUMENTS\VISUAL STUDIO 2010\PROJECTS\DICHOTOMY_SEARCH\DEBUG\DICHOTOMY_SEARCH.EXE
D:\用户目录\DOCUMENTS\VISUAL STUDIO 2010\PROJECTS\DICHOTOMY_SEARCH\DEBUG\DICHOTOMY_SEARCH.ILK
D:\用户目录\DOCUMENTS\VISUAL STUDIO 2010\PROJECTS\DICHOTOMY_SEARCH\DEBUG\DICHOTOMY_SEARCH.PDB
d:\用户目录\documents\visual studio 2010\Projects\dichotomy_search\dichotomy_search\Debug\cl.command.1.tlog
d:\用户目录\documents\visual studio 2010\Projects\dichotomy_search\dichotomy_search\Debug\CL.read.1.tlog
d:\用户目录\documents\visual studio 2010\Projects\dichotomy_search\dichotomy_search\Debug\CL.write.1.tlog
D:\用户目录\DOCUMENTS\VISUAL STUDIO 2010\PROJECTS\DICHOTOMY_SEARCH\DICHOTOMY_SEARCH\DEBUG\DICHOTOMY_SEARCH.EXE.EMBED.MANIFEST
D:\用户目录\DOCUMENTS\VISUAL STUDIO 2010\PROJECTS\DICHOTOMY_SEARCH\DICHOTOMY_SEARCH\DEBUG\DICHOTOMY_SEARCH.EXE.EMBED.MANIFEST.RES
D:\用户目录\DOCUMENTS\VISUAL STUDIO 2010\PROJECTS\DICHOTOMY_SEARCH\DICHOTOMY_SEARCH\DEBUG\DICHOTOMY_SEARCH.EXE.INTERMEDIATE.MANIFEST
D:\用户目录\DOCUMENTS\VISUAL STUDIO 2010\PROJECTS\DICHOTOMY_SEARCH\DICHOTOMY_SEARCH\DEBUG\DICHOTOMY_SEARCH.OBJ
D:\用户目录\DOCUMENTS\VISUAL STUDIO 2010\PROJECTS\DICHOTOMY_SEARCH\DICHOTOMY_SEARCH\DEBUG\DICHOTOMY_SEARCH.PCH
d:\用户目录\documents\visual studio 2010\Projects\dichotomy_search\dichotomy_search\Debug\dichotomy_search.vcxprojResolveAssemblyReference.cache
d:\用户目录\documents\visual studio 2010\Projects\dichotomy_search\dichotomy_search\Debug\dichotomy_search.write.1.tlog
d:\用户目录\documents\visual studio 2010\Projects\dichotomy_search\dichotomy_search\Debug\dichotomy_search_manifest.rc
d:\用户目录\documents\visual studio 2010\Projects\dichotomy_search\dichotomy_search\Debug\link.16728.read.1.tlog
d:\用户目录\documents\visual studio 2010\Projects\dichotomy_search\dichotomy_search\Debug\link.16728.write.1.tlog
d:\用户目录\documents\visual studio 2010\Projects\dichotomy_search\dichotomy_search\Debug\link.16728-cvtres.read.1.tlog
d:\用户目录\documents\visual studio 2010\Projects\dichotomy_search\dichotomy_search\Debug\link.16728-cvtres.write.1.tlog
d:\用户目录\documents\visual studio 2010\Projects\dichotomy_search\dichotomy_search\Debug\link.command.1.tlog
d:\用户目录\documents\visual studio 2010\Projects\dichotomy_search\dichotomy_search\Debug\link.read.1.tlog
d:\用户目录\documents\visual studio 2010\Projects\dichotomy_search\dichotomy_search\Debug\link.write.1.tlog
d:\用户目录\documents\visual studio 2010\Projects\dichotomy_search\dichotomy_search\Debug\link-cvtres.read.1.tlog
d:\用户目录\documents\visual studio 2010\Projects\dichotomy_search\dichotomy_search\Debug\link-cvtres.write.1.tlog
d:\用户目录\documents\visual studio 2010\Projects\dichotomy_search\dichotomy_search\Debug\mt.command.1.tlog
d:\用户目录\documents\visual studio 2010\Projects\dichotomy_search\dichotomy_search\Debug\mt.read.1.tlog
d:\用户目录\documents\visual studio 2010\Projects\dichotomy_search\dichotomy_search\Debug\mt.write.1.tlog
d:\用户目录\documents\visual studio 2010\Projects\dichotomy_search\dichotomy_search\Debug\rc.command.1.tlog
d:\用户目录\documents\visual studio 2010\Projects\dichotomy_search\dichotomy_search\Debug\rc.read.1.tlog
d:\用户目录\documents\visual studio 2010\Projects\dichotomy_search\dichotomy_search\Debug\rc.write.1.tlog
D:\用户目录\DOCUMENTS\VISUAL STUDIO 2010\PROJECTS\DICHOTOMY_SEARCH\DICHOTOMY_SEARCH\DEBUG\STDAFX.OBJ
d:\用户目录\documents\visual studio 2010\Projects\dichotomy_search\dichotomy_search\Debug\vc100.idb
D:\用户目录\DOCUMENTS\VISUAL STUDIO 2010\PROJECTS\DICHOTOMY_SEARCH\DICHOTOMY_SEARCH\DEBUG\VC100.PDB
