生成启动时间为 2018/1/7 21:47:59。
     1>项目“D:\用户目录\Documents\Visual Studio 2010\Projects\thread_t\thread_t\thread_t.vcxproj”在节点 2 上(build 个目标)。
     1>InitializeBuildStatus:
         正在创建“Debug\thread_t.unsuccessfulbuild”，因为已指定“AlwaysCreate”。
       ClCompile:
         所有输出均为最新。
         所有输出均为最新。
       ManifestResourceCompile:
         所有输出均为最新。
       Link:
         E:\Microsoft Visual Studio\VC\bin\link.exe /ERRORREPORT:PROMPT /OUT:"D:\用户目录\Documents\Visual Studio 2010\Projects\thread_t\Debug\thread_t.exe" /INCREMENTAL /NOLOGO /LIBPATH:D:\boost\stage\lib kernel32.lib user32.lib gdi32.lib winspool.lib comdlg32.lib advapi32.lib shell32.lib ole32.lib oleaut32.lib uuid.lib odbc32.lib odbccp32.lib /MANIFEST /ManifestFile:"Debug\thread_t.exe.intermediate.manifest" /MANIFESTUAC:"level='asInvoker' uiAccess='false'" /DEBUG /PDB:"D:\用户目录\Documents\Visual Studio 2010\Projects\thread_t\Debug\thread_t.pdb" /SUBSYSTEM:CONSOLE /TLBID:1 /DYNAMICBASE /NXCOMPAT /IMPLIB:"D:\用户目录\Documents\Visual Studio 2010\Projects\thread_t\Debug\thread_t.lib" /MACHINE:X86 Debug\thread_t.exe.embed.manifest.res
         Debug\stdafx.obj
         Debug\thread_t.obj
       Manifest:
         C:\Program Files\Microsoft SDKs\Windows\v7.0A\bin\mt.exe /nologo /verbose /out:"Debug\thread_t.exe.embed.manifest" /manifest Debug\thread_t.exe.intermediate.manifest
         所有输出均为最新。
       LinkEmbedManifest:
         所有输出均为最新。
         thread_t.vcxproj -> D:\用户目录\Documents\Visual Studio 2010\Projects\thread_t\Debug\thread_t.exe
       FinalizeBuildStatus:
         正在删除文件“Debug\thread_t.unsuccessfulbuild”。
         正在对“Debug\thread_t.lastbuildstate”执行 Touch 任务。
     1>已完成生成项目“D:\用户目录\Documents\Visual Studio 2010\Projects\thread_t\thread_t\thread_t.vcxproj”(build 个目标)的操作。

生成成功。

已用时间 00:00:01.87
