D:\用户目录\DOCUMENTS\VISUAL STUDIO 2010\PROJECTS\THREAD_T\DEBUG\THREAD_T.EXE
D:\用户目录\DOCUMENTS\VISUAL STUDIO 2010\PROJECTS\THREAD_T\DEBUG\THREAD_T.ILK
D:\用户目录\DOCUMENTS\VISUAL STUDIO 2010\PROJECTS\THREAD_T\DEBUG\THREAD_T.PDB
d:\用户目录\documents\visual studio 2010\Projects\thread_t\thread_t\Debug\cl.command.1.tlog
d:\用户目录\documents\visual studio 2010\Projects\thread_t\thread_t\Debug\CL.read.1.tlog
d:\用户目录\documents\visual studio 2010\Projects\thread_t\thread_t\Debug\CL.write.1.tlog
d:\用户目录\documents\visual studio 2010\Projects\thread_t\thread_t\Debug\link.3580.read.1.tlog
d:\用户目录\documents\visual studio 2010\Projects\thread_t\thread_t\Debug\link.3580.write.1.tlog
d:\用户目录\documents\visual studio 2010\Projects\thread_t\thread_t\Debug\link.3580-cvtres.read.1.tlog
d:\用户目录\documents\visual studio 2010\Projects\thread_t\thread_t\Debug\link.3580-cvtres.write.1.tlog
d:\用户目录\documents\visual studio 2010\Projects\thread_t\thread_t\Debug\link.3644.read.1.tlog
d:\用户目录\documents\visual studio 2010\Projects\thread_t\thread_t\Debug\link.3644.write.1.tlog
d:\用户目录\documents\visual studio 2010\Projects\thread_t\thread_t\Debug\link.3644-cvtres.read.1.tlog
d:\用户目录\documents\visual studio 2010\Projects\thread_t\thread_t\Debug\link.3644-cvtres.write.1.tlog
d:\用户目录\documents\visual studio 2010\Projects\thread_t\thread_t\Debug\link.3656.read.1.tlog
d:\用户目录\documents\visual studio 2010\Projects\thread_t\thread_t\Debug\link.3656.write.1.tlog
d:\用户目录\documents\visual studio 2010\Projects\thread_t\thread_t\Debug\link.5044.read.1.tlog
d:\用户目录\documents\visual studio 2010\Projects\thread_t\thread_t\Debug\link.5044.write.1.tlog
d:\用户目录\documents\visual studio 2010\Projects\thread_t\thread_t\Debug\link.5044-cvtres.read.1.tlog
d:\用户目录\documents\visual studio 2010\Projects\thread_t\thread_t\Debug\link.5044-cvtres.write.1.tlog
d:\用户目录\documents\visual studio 2010\Projects\thread_t\thread_t\Debug\link.7924.read.1.tlog
d:\用户目录\documents\visual studio 2010\Projects\thread_t\thread_t\Debug\link.7924.write.1.tlog
d:\用户目录\documents\visual studio 2010\Projects\thread_t\thread_t\Debug\link.7924-cvtres.read.1.tlog
d:\用户目录\documents\visual studio 2010\Projects\thread_t\thread_t\Debug\link.7924-cvtres.write.1.tlog
d:\用户目录\documents\visual studio 2010\Projects\thread_t\thread_t\Debug\link.command.1.tlog
d:\用户目录\documents\visual studio 2010\Projects\thread_t\thread_t\Debug\link.read.1.tlog
d:\用户目录\documents\visual studio 2010\Projects\thread_t\thread_t\Debug\link.write.1.tlog
d:\用户目录\documents\visual studio 2010\Projects\thread_t\thread_t\Debug\link-cvtres.read.1.tlog
d:\用户目录\documents\visual studio 2010\Projects\thread_t\thread_t\Debug\link-cvtres.write.1.tlog
d:\用户目录\documents\visual studio 2010\Projects\thread_t\thread_t\Debug\mt.command.1.tlog
d:\用户目录\documents\visual studio 2010\Projects\thread_t\thread_t\Debug\mt.read.1.tlog
d:\用户目录\documents\visual studio 2010\Projects\thread_t\thread_t\Debug\mt.write.1.tlog
d:\用户目录\documents\visual studio 2010\Projects\thread_t\thread_t\Debug\rc.command.1.tlog
d:\用户目录\documents\visual studio 2010\Projects\thread_t\thread_t\Debug\rc.read.1.tlog
d:\用户目录\documents\visual studio 2010\Projects\thread_t\thread_t\Debug\rc.write.1.tlog
D:\用户目录\DOCUMENTS\VISUAL STUDIO 2010\PROJECTS\THREAD_T\THREAD_T\DEBUG\STDAFX.OBJ
D:\用户目录\DOCUMENTS\VISUAL STUDIO 2010\PROJECTS\THREAD_T\THREAD_T\DEBUG\THREAD_T.EXE.EMBED.MANIFEST
D:\用户目录\DOCUMENTS\VISUAL STUDIO 2010\PROJECTS\THREAD_T\THREAD_T\DEBUG\THREAD_T.EXE.EMBED.MANIFEST.RES
D:\用户目录\DOCUMENTS\VISUAL STUDIO 2010\PROJECTS\THREAD_T\THREAD_T\DEBUG\THREAD_T.EXE.INTERMEDIATE.MANIFEST
D:\用户目录\DOCUMENTS\VISUAL STUDIO 2010\PROJECTS\THREAD_T\THREAD_T\DEBUG\THREAD_T.OBJ
D:\用户目录\DOCUMENTS\VISUAL STUDIO 2010\PROJECTS\THREAD_T\THREAD_T\DEBUG\THREAD_T.PCH
d:\用户目录\documents\visual studio 2010\Projects\thread_t\thread_t\Debug\thread_t.vcxprojResolveAssemblyReference.cache
d:\用户目录\documents\visual studio 2010\Projects\thread_t\thread_t\Debug\thread_t.write.1.tlog
d:\用户目录\documents\visual studio 2010\Projects\thread_t\thread_t\Debug\thread_t_manifest.rc
d:\用户目录\documents\visual studio 2010\Projects\thread_t\thread_t\Debug\vc100.idb
D:\用户目录\DOCUMENTS\VISUAL STUDIO 2010\PROJECTS\THREAD_T\THREAD_T\DEBUG\VC100.PDB
