生成启动时间为 2016/2/29 19:50:12。
     1>项目“d:\用户目录\documents\visual studio 2010\Projects\quiksort\quiksort\quiksort.vcxproj”在节点 2 上(build 个目标)。
     1>PrepareForBuild:
         正在创建目录“d:\用户目录\documents\visual studio 2010\Projects\quiksort\Debug\”。
       InitializeBuildStatus:
         正在创建“Debug\quiksort.unsuccessfulbuild”，因为已指定“AlwaysCreate”。
       ClCompile:
         E:\Microsoft Visual Studio\VC\bin\CL.exe /c /ZI /nologo /W3 /WX- /Od /Oy- /D WIN32 /D _DEBUG /D _CONSOLE /D _UNICODE /D UNICODE /Gm /EHsc /RTC1 /MDd /GS /fp:precise /Zc:wchar_t /Zc:forScope /Yc"StdAfx.h" /Fp"Debug\quiksort.pch" /Fo"Debug\\" /Fd"Debug\vc100.pdb" /Gd /TP /analyze- /errorReport:prompt stdafx.cpp
         stdafx.cpp
         E:\Microsoft Visual Studio\VC\bin\CL.exe /c /ZI /nologo /W3 /WX- /Od /Oy- /D WIN32 /D _DEBUG /D _CONSOLE /D _UNICODE /D UNICODE /Gm /EHsc /RTC1 /MDd /GS /fp:precise /Zc:wchar_t /Zc:forScope /Yu"StdAfx.h" /Fp"Debug\quiksort.pch" /Fo"Debug\\" /Fd"Debug\vc100.pdb" /Gd /TP /analyze- /errorReport:prompt quiksort.cpp
         quiksort.cpp
       ManifestResourceCompile:
         C:\Program Files\Microsoft SDKs\Windows\v7.0A\bin\rc.exe /nologo /fo"Debug\quiksort.exe.embed.manifest.res" Debug\quiksort_manifest.rc 
       Link:
         E:\Microsoft Visual Studio\VC\bin\link.exe /ERRORREPORT:PROMPT /OUT:"d:\用户目录\documents\visual studio 2010\Projects\quiksort\Debug\quiksort.exe" /INCREMENTAL /NOLOGO kernel32.lib user32.lib gdi32.lib winspool.lib comdlg32.lib advapi32.lib shell32.lib ole32.lib oleaut32.lib uuid.lib odbc32.lib odbccp32.lib /MANIFEST /ManifestFile:"Debug\quiksort.exe.intermediate.manifest" /MANIFESTUAC:"level='asInvoker' uiAccess='false'" /DEBUG /PDB:"d:\用户目录\documents\visual studio 2010\Projects\quiksort\Debug\quiksort.pdb" /SUBSYSTEM:CONSOLE /TLBID:1 /DYNAMICBASE /NXCOMPAT /IMPLIB:"d:\用户目录\documents\visual studio 2010\Projects\quiksort\Debug\quiksort.lib" /MACHINE:X86 Debug\quiksort.exe.embed.manifest.res
         Debug\quiksort.obj
         Debug\stdafx.obj
     1>LINK : warning LNK4067: 不明确的入口点；选定“mainCRTStartup”
       Manifest:
         C:\Program Files\Microsoft SDKs\Windows\v7.0A\bin\mt.exe /nologo /verbose /out:"Debug\quiksort.exe.embed.manifest" /manifest Debug\quiksort.exe.intermediate.manifest
         C:\Program Files\Microsoft SDKs\Windows\v7.0A\bin\rc.exe /nologo /fo"Debug\quiksort.exe.embed.manifest.res" Debug\quiksort_manifest.rc 
       LinkEmbedManifest:
         E:\Microsoft Visual Studio\VC\bin\link.exe /ERRORREPORT:PROMPT /OUT:"d:\用户目录\documents\visual studio 2010\Projects\quiksort\Debug\quiksort.exe" /INCREMENTAL /NOLOGO kernel32.lib user32.lib gdi32.lib winspool.lib comdlg32.lib advapi32.lib shell32.lib ole32.lib oleaut32.lib uuid.lib odbc32.lib odbccp32.lib /MANIFEST /ManifestFile:"Debug\quiksort.exe.intermediate.manifest" /MANIFESTUAC:"level='asInvoker' uiAccess='false'" /DEBUG /PDB:"d:\用户目录\documents\visual studio 2010\Projects\quiksort\Debug\quiksort.pdb" /SUBSYSTEM:CONSOLE /TLBID:1 /DYNAMICBASE /NXCOMPAT /IMPLIB:"d:\用户目录\documents\visual studio 2010\Projects\quiksort\Debug\quiksort.lib" /MACHINE:X86 Debug\quiksort.exe.embed.manifest.res
         Debug\quiksort.obj
         Debug\stdafx.obj
     1>LINK : warning LNK4067: 不明确的入口点；选定“mainCRTStartup”
         quiksort.vcxproj -> d:\用户目录\documents\visual studio 2010\Projects\quiksort\Debug\quiksort.exe
       FinalizeBuildStatus:
         正在删除文件“Debug\quiksort.unsuccessfulbuild”。
         正在对“Debug\quiksort.lastbuildstate”执行 Touch 任务。
     1>已完成生成项目“d:\用户目录\documents\visual studio 2010\Projects\quiksort\quiksort\quiksort.vcxproj”(build 个目标)的操作。

生成成功。

已用时间 00:00:04.29
