生成启动时间为 2016/3/1 19:04:56。
     1>项目“d:\用户目录\documents\visual studio 2010\Projects\阶乘末尾的数\阶乘末尾的数\阶乘末尾的数.vcxproj”在节点 2 上(build 个目标)。
     1>InitializeBuildStatus:
         正在创建“Debug\阶乘末尾的数.unsuccessfulbuild”，因为已指定“AlwaysCreate”。
       ClCompile:
         所有输出均为最新。
         E:\Microsoft Visual Studio\VC\bin\CL.exe /c /ZI /nologo /W3 /WX- /Od /Oy- /D WIN32 /D _DEBUG /D _CONSOLE /D _UNICODE /D UNICODE /Gm /EHsc /RTC1 /MDd /GS /fp:precise /Zc:wchar_t /Zc:forScope /Yu"StdAfx.h" /Fp"Debug\阶乘末尾的数.pch" /Fo"Debug\\" /Fd"Debug\vc100.pdb" /Gd /TP /analyze- /errorReport:prompt "阶乘末尾0的数.cpp"
         阶乘末尾0的数.cpp
       ManifestResourceCompile:
         所有输出均为最新。
       Link:
         E:\Microsoft Visual Studio\VC\bin\link.exe /ERRORREPORT:PROMPT /OUT:"d:\用户目录\documents\visual studio 2010\Projects\阶乘末尾的数\Debug\阶乘末尾的数.exe" /INCREMENTAL /NOLOGO kernel32.lib user32.lib gdi32.lib winspool.lib comdlg32.lib advapi32.lib shell32.lib ole32.lib oleaut32.lib uuid.lib odbc32.lib odbccp32.lib /MANIFEST /ManifestFile:"Debug\阶乘末尾的数.exe.intermediate.manifest" /MANIFESTUAC:"level='asInvoker' uiAccess='false'" /DEBUG /PDB:"d:\用户目录\documents\visual studio 2010\Projects\阶乘末尾的数\Debug\阶乘末尾的数.pdb" /SUBSYSTEM:CONSOLE /TLBID:1 /DYNAMICBASE /NXCOMPAT /IMPLIB:"d:\用户目录\documents\visual studio 2010\Projects\阶乘末尾的数\Debug\阶乘末尾的数.lib" /MACHINE:X86 "Debug\阶乘末尾的数.exe.embed.manifest.res"
         Debug\stdafx.obj
         "Debug\阶乘末尾0的数.obj"
       Manifest:
         C:\Program Files\Microsoft SDKs\Windows\v7.0A\bin\mt.exe /nologo /verbose /out:"Debug\阶乘末尾的数.exe.embed.manifest" /manifest "Debug\阶乘末尾的数.exe.intermediate.manifest"
         所有输出均为最新。
       LinkEmbedManifest:
         所有输出均为最新。
         阶乘末尾的数.vcxproj -> d:\用户目录\documents\visual studio 2010\Projects\阶乘末尾的数\Debug\阶乘末尾的数.exe
       FinalizeBuildStatus:
         正在删除文件“Debug\阶乘末尾的数.unsuccessfulbuild”。
         正在对“Debug\阶乘末尾的数.lastbuildstate”执行 Touch 任务。
     1>已完成生成项目“d:\用户目录\documents\visual studio 2010\Projects\阶乘末尾的数\阶乘末尾的数\阶乘末尾的数.vcxproj”(build 个目标)的操作。

生成成功。

已用时间 00:00:01.09
