生成启动时间为 2016/3/5 12:21:36。
     1>项目“d:\用户目录\documents\visual studio 2010\Projects\二路归并排序\二路归并排序\二路归并排序.vcxproj”在节点 2 上(rebuild 个目标)。
     1>_PrepareForClean:
         正在删除文件“Debug\二路归并排序.lastbuildstate”。
       InitializeBuildStatus:
         正在创建“Debug\二路归并排序.unsuccessfulbuild”，因为已指定“AlwaysCreate”。
       ClCompile:
         E:\Microsoft Visual Studio\VC\bin\CL.exe /c /ZI /nologo /W3 /WX- /Od /Oy- /D WIN32 /D _DEBUG /D _CONSOLE /D _UNICODE /D UNICODE /Gm /EHsc /RTC1 /MDd /GS /fp:precise /Zc:wchar_t /Zc:forScope /Yc"StdAfx.h" /Fp"Debug\二路归并排序.pch" /Fo"Debug\\" /Fd"Debug\vc100.pdb" /Gd /TP /analyze- /errorReport:prompt stdafx.cpp
         stdafx.cpp
         E:\Microsoft Visual Studio\VC\bin\CL.exe /c /ZI /nologo /W3 /WX- /Od /Oy- /D WIN32 /D _DEBUG /D _CONSOLE /D _UNICODE /D UNICODE /Gm /EHsc /RTC1 /MDd /GS /fp:precise /Zc:wchar_t /Zc:forScope /Yu"StdAfx.h" /Fp"Debug\二路归并排序.pch" /Fo"Debug\\" /Fd"Debug\vc100.pdb" /Gd /TP /analyze- /errorReport:prompt "二路归并排序.cpp"
         二路归并排序.cpp
     1>d:\用户目录\documents\visual studio 2010\projects\二路归并排序\二路归并排序\二路归并排序.cpp(23): warning C4700: 使用了未初始化的局部变量“u1”
       ManifestResourceCompile:
         C:\Program Files\Microsoft SDKs\Windows\v7.0A\bin\rc.exe /nologo /fo"Debug\二路归并排序.exe.embed.manifest.res" "Debug\二路归并排序_manifest.rc" 
       Link:
         E:\Microsoft Visual Studio\VC\bin\link.exe /ERRORREPORT:PROMPT /OUT:"d:\用户目录\documents\visual studio 2010\Projects\二路归并排序\Debug\二路归并排序.exe" /INCREMENTAL /NOLOGO kernel32.lib user32.lib gdi32.lib winspool.lib comdlg32.lib advapi32.lib shell32.lib ole32.lib oleaut32.lib uuid.lib odbc32.lib odbccp32.lib /MANIFEST /ManifestFile:"Debug\二路归并排序.exe.intermediate.manifest" /MANIFESTUAC:"level='asInvoker' uiAccess='false'" /DEBUG /PDB:"d:\用户目录\documents\visual studio 2010\Projects\二路归并排序\Debug\二路归并排序.pdb" /SUBSYSTEM:CONSOLE /TLBID:1 /DYNAMICBASE /NXCOMPAT /IMPLIB:"d:\用户目录\documents\visual studio 2010\Projects\二路归并排序\Debug\二路归并排序.lib" /MACHINE:X86 "Debug\二路归并排序.exe.embed.manifest.res"
         Debug\stdafx.obj
         "Debug\二路归并排序.obj"
       Manifest:
         正在删除文件“Debug\二路归并排序.exe.embed.manifest”。
         C:\Program Files\Microsoft SDKs\Windows\v7.0A\bin\mt.exe /nologo /verbose /out:"Debug\二路归并排序.exe.embed.manifest" /manifest "Debug\二路归并排序.exe.intermediate.manifest"
         C:\Program Files\Microsoft SDKs\Windows\v7.0A\bin\rc.exe /nologo /fo"Debug\二路归并排序.exe.embed.manifest.res" "Debug\二路归并排序_manifest.rc" 
       LinkEmbedManifest:
         E:\Microsoft Visual Studio\VC\bin\link.exe /ERRORREPORT:PROMPT /OUT:"d:\用户目录\documents\visual studio 2010\Projects\二路归并排序\Debug\二路归并排序.exe" /INCREMENTAL /NOLOGO kernel32.lib user32.lib gdi32.lib winspool.lib comdlg32.lib advapi32.lib shell32.lib ole32.lib oleaut32.lib uuid.lib odbc32.lib odbccp32.lib /MANIFEST /ManifestFile:"Debug\二路归并排序.exe.intermediate.manifest" /MANIFESTUAC:"level='asInvoker' uiAccess='false'" /DEBUG /PDB:"d:\用户目录\documents\visual studio 2010\Projects\二路归并排序\Debug\二路归并排序.pdb" /SUBSYSTEM:CONSOLE /TLBID:1 /DYNAMICBASE /NXCOMPAT /IMPLIB:"d:\用户目录\documents\visual studio 2010\Projects\二路归并排序\Debug\二路归并排序.lib" /MACHINE:X86 "Debug\二路归并排序.exe.embed.manifest.res"
         Debug\stdafx.obj
         "Debug\二路归并排序.obj"
         二路归并排序.vcxproj -> d:\用户目录\documents\visual studio 2010\Projects\二路归并排序\Debug\二路归并排序.exe
       FinalizeBuildStatus:
         正在删除文件“Debug\二路归并排序.unsuccessfulbuild”。
         正在对“Debug\二路归并排序.lastbuildstate”执行 Touch 任务。
     1>已完成生成项目“d:\用户目录\documents\visual studio 2010\Projects\二路归并排序\二路归并排序\二路归并排序.vcxproj”(rebuild 个目标)的操作。

生成成功。

已用时间 00:00:03.57
