D:\用户目录\DOCUMENTS\VISUAL STUDIO 2010\PROJECTS\二路归并排序\DEBUG\二路归并排序.EXE
D:\用户目录\DOCUMENTS\VISUAL STUDIO 2010\PROJECTS\二路归并排序\DEBUG\二路归并排序.ILK
D:\用户目录\DOCUMENTS\VISUAL STUDIO 2010\PROJECTS\二路归并排序\DEBUG\二路归并排序.PDB
d:\用户目录\documents\visual studio 2010\Projects\二路归并排序\二路归并排序\Debug\cl.command.1.tlog
d:\用户目录\documents\visual studio 2010\Projects\二路归并排序\二路归并排序\Debug\CL.read.1.tlog
d:\用户目录\documents\visual studio 2010\Projects\二路归并排序\二路归并排序\Debug\CL.write.1.tlog
d:\用户目录\documents\visual studio 2010\Projects\二路归并排序\二路归并排序\Debug\link.3968.read.1.tlog
d:\用户目录\documents\visual studio 2010\Projects\二路归并排序\二路归并排序\Debug\link.3968.write.1.tlog
d:\用户目录\documents\visual studio 2010\Projects\二路归并排序\二路归并排序\Debug\link.3968-cvtres.read.1.tlog
d:\用户目录\documents\visual studio 2010\Projects\二路归并排序\二路归并排序\Debug\link.3968-cvtres.write.1.tlog
d:\用户目录\documents\visual studio 2010\Projects\二路归并排序\二路归并排序\Debug\link.6028.read.1.tlog
d:\用户目录\documents\visual studio 2010\Projects\二路归并排序\二路归并排序\Debug\link.6028.write.1.tlog
d:\用户目录\documents\visual studio 2010\Projects\二路归并排序\二路归并排序\Debug\link.6028-cvtres.read.1.tlog
d:\用户目录\documents\visual studio 2010\Projects\二路归并排序\二路归并排序\Debug\link.6028-cvtres.write.1.tlog
d:\用户目录\documents\visual studio 2010\Projects\二路归并排序\二路归并排序\Debug\link.command.1.tlog
d:\用户目录\documents\visual studio 2010\Projects\二路归并排序\二路归并排序\Debug\link.read.1.tlog
d:\用户目录\documents\visual studio 2010\Projects\二路归并排序\二路归并排序\Debug\link.write.1.tlog
d:\用户目录\documents\visual studio 2010\Projects\二路归并排序\二路归并排序\Debug\link-cvtres.read.1.tlog
d:\用户目录\documents\visual studio 2010\Projects\二路归并排序\二路归并排序\Debug\link-cvtres.write.1.tlog
d:\用户目录\documents\visual studio 2010\Projects\二路归并排序\二路归并排序\Debug\mt.command.1.tlog
d:\用户目录\documents\visual studio 2010\Projects\二路归并排序\二路归并排序\Debug\mt.read.1.tlog
d:\用户目录\documents\visual studio 2010\Projects\二路归并排序\二路归并排序\Debug\mt.write.1.tlog
d:\用户目录\documents\visual studio 2010\Projects\二路归并排序\二路归并排序\Debug\rc.command.1.tlog
d:\用户目录\documents\visual studio 2010\Projects\二路归并排序\二路归并排序\Debug\rc.read.1.tlog
d:\用户目录\documents\visual studio 2010\Projects\二路归并排序\二路归并排序\Debug\rc.write.1.tlog
D:\用户目录\DOCUMENTS\VISUAL STUDIO 2010\PROJECTS\二路归并排序\二路归并排序\DEBUG\STDAFX.OBJ
d:\用户目录\documents\visual studio 2010\Projects\二路归并排序\二路归并排序\Debug\vc100.idb
D:\用户目录\DOCUMENTS\VISUAL STUDIO 2010\PROJECTS\二路归并排序\二路归并排序\DEBUG\VC100.PDB
D:\用户目录\DOCUMENTS\VISUAL STUDIO 2010\PROJECTS\二路归并排序\二路归并排序\DEBUG\二路归并排序.EXE.EMBED.MANIFEST
D:\用户目录\DOCUMENTS\VISUAL STUDIO 2010\PROJECTS\二路归并排序\二路归并排序\DEBUG\二路归并排序.EXE.EMBED.MANIFEST.RES
D:\用户目录\DOCUMENTS\VISUAL STUDIO 2010\PROJECTS\二路归并排序\二路归并排序\DEBUG\二路归并排序.EXE.INTERMEDIATE.MANIFEST
D:\用户目录\DOCUMENTS\VISUAL STUDIO 2010\PROJECTS\二路归并排序\二路归并排序\DEBUG\二路归并排序.OBJ
D:\用户目录\DOCUMENTS\VISUAL STUDIO 2010\PROJECTS\二路归并排序\二路归并排序\DEBUG\二路归并排序.PCH
d:\用户目录\documents\visual studio 2010\Projects\二路归并排序\二路归并排序\Debug\二路归并排序.write.1.tlog
d:\用户目录\documents\visual studio 2010\Projects\二路归并排序\二路归并排序\Debug\二路归并排序_manifest.rc
