D:\用户目录\DOCUMENTS\VISUAL STUDIO 2010\PROJECTS\FWQ\DEBUG\FWQ.EXE
D:\用户目录\DOCUMENTS\VISUAL STUDIO 2010\PROJECTS\FWQ\DEBUG\FWQ.ILK
D:\用户目录\DOCUMENTS\VISUAL STUDIO 2010\PROJECTS\FWQ\DEBUG\FWQ.PDB
d:\用户目录\documents\visual studio 2010\Projects\fwq\fwq\Debug\cl.command.1.tlog
d:\用户目录\documents\visual studio 2010\Projects\fwq\fwq\Debug\CL.read.1.tlog
d:\用户目录\documents\visual studio 2010\Projects\fwq\fwq\Debug\CL.write.1.tlog
D:\用户目录\DOCUMENTS\VISUAL STUDIO 2010\PROJECTS\FWQ\FWQ\DEBUG\FWQ.EXE.EMBED.MANIFEST
D:\用户目录\DOCUMENTS\VISUAL STUDIO 2010\PROJECTS\FWQ\FWQ\DEBUG\FWQ.EXE.EMBED.MANIFEST.RES
D:\用户目录\DOCUMENTS\VISUAL STUDIO 2010\PROJECTS\FWQ\FWQ\DEBUG\FWQ.EXE.INTERMEDIATE.MANIFEST
D:\用户目录\DOCUMENTS\VISUAL STUDIO 2010\PROJECTS\FWQ\FWQ\DEBUG\FWQ.OBJ
D:\用户目录\DOCUMENTS\VISUAL STUDIO 2010\PROJECTS\FWQ\FWQ\DEBUG\FWQ.PCH
d:\用户目录\documents\visual studio 2010\Projects\fwq\fwq\Debug\fwq.write.1.tlog
d:\用户目录\documents\visual studio 2010\Projects\fwq\fwq\Debug\fwq_manifest.rc
d:\用户目录\documents\visual studio 2010\Projects\fwq\fwq\Debug\link.5312.read.1.tlog
d:\用户目录\documents\visual studio 2010\Projects\fwq\fwq\Debug\link.5312.write.1.tlog
d:\用户目录\documents\visual studio 2010\Projects\fwq\fwq\Debug\link.5312-cvtres.read.1.tlog
d:\用户目录\documents\visual studio 2010\Projects\fwq\fwq\Debug\link.5312-cvtres.write.1.tlog
d:\用户目录\documents\visual studio 2010\Projects\fwq\fwq\Debug\link.command.1.tlog
d:\用户目录\documents\visual studio 2010\Projects\fwq\fwq\Debug\link.read.1.tlog
d:\用户目录\documents\visual studio 2010\Projects\fwq\fwq\Debug\link.write.1.tlog
d:\用户目录\documents\visual studio 2010\Projects\fwq\fwq\Debug\link-cvtres.read.1.tlog
d:\用户目录\documents\visual studio 2010\Projects\fwq\fwq\Debug\link-cvtres.write.1.tlog
d:\用户目录\documents\visual studio 2010\Projects\fwq\fwq\Debug\mt.command.1.tlog
d:\用户目录\documents\visual studio 2010\Projects\fwq\fwq\Debug\mt.read.1.tlog
d:\用户目录\documents\visual studio 2010\Projects\fwq\fwq\Debug\mt.write.1.tlog
d:\用户目录\documents\visual studio 2010\Projects\fwq\fwq\Debug\rc.command.1.tlog
d:\用户目录\documents\visual studio 2010\Projects\fwq\fwq\Debug\rc.read.1.tlog
d:\用户目录\documents\visual studio 2010\Projects\fwq\fwq\Debug\rc.write.1.tlog
D:\用户目录\DOCUMENTS\VISUAL STUDIO 2010\PROJECTS\FWQ\FWQ\DEBUG\STDAFX.OBJ
d:\用户目录\documents\visual studio 2010\Projects\fwq\fwq\Debug\vc100.idb
D:\用户目录\DOCUMENTS\VISUAL STUDIO 2010\PROJECTS\FWQ\FWQ\DEBUG\VC100.PDB
