D:\用户目录\DOCUMENTS\VISUAL STUDIO 2010\PROJECTS\FIBONACCI\DEBUG\FIBONACCI.EXE
D:\用户目录\DOCUMENTS\VISUAL STUDIO 2010\PROJECTS\FIBONACCI\DEBUG\FIBONACCI.ILK
D:\用户目录\DOCUMENTS\VISUAL STUDIO 2010\PROJECTS\FIBONACCI\DEBUG\FIBONACCI.PDB
d:\用户目录\documents\visual studio 2010\Projects\FIbonacci\FIbonacci\Debug\cl.command.1.tlog
d:\用户目录\documents\visual studio 2010\Projects\FIbonacci\FIbonacci\Debug\CL.read.1.tlog
d:\用户目录\documents\visual studio 2010\Projects\FIbonacci\FIbonacci\Debug\CL.write.1.tlog
D:\用户目录\DOCUMENTS\VISUAL STUDIO 2010\PROJECTS\FIBONACCI\FIBONACCI\DEBUG\FIBONACCI.EXE.EMBED.MANIFEST
D:\用户目录\DOCUMENTS\VISUAL STUDIO 2010\PROJECTS\FIBONACCI\FIBONACCI\DEBUG\FIBONACCI.EXE.EMBED.MANIFEST.RES
D:\用户目录\DOCUMENTS\VISUAL STUDIO 2010\PROJECTS\FIBONACCI\FIBONACCI\DEBUG\FIBONACCI.EXE.INTERMEDIATE.MANIFEST
D:\用户目录\DOCUMENTS\VISUAL STUDIO 2010\PROJECTS\FIBONACCI\FIBONACCI\DEBUG\FIBONACCI.OBJ
D:\用户目录\DOCUMENTS\VISUAL STUDIO 2010\PROJECTS\FIBONACCI\FIBONACCI\DEBUG\FIBONACCI.PCH
d:\用户目录\documents\visual studio 2010\Projects\FIbonacci\FIbonacci\Debug\FIbonacci.write.1.tlog
d:\用户目录\documents\visual studio 2010\Projects\FIbonacci\FIbonacci\Debug\FIbonacci_manifest.rc
d:\用户目录\documents\visual studio 2010\Projects\FIbonacci\FIbonacci\Debug\link.7692.read.1.tlog
d:\用户目录\documents\visual studio 2010\Projects\FIbonacci\FIbonacci\Debug\link.7692.write.1.tlog
d:\用户目录\documents\visual studio 2010\Projects\FIbonacci\FIbonacci\Debug\link.7692-cvtres.read.1.tlog
d:\用户目录\documents\visual studio 2010\Projects\FIbonacci\FIbonacci\Debug\link.7692-cvtres.write.1.tlog
d:\用户目录\documents\visual studio 2010\Projects\FIbonacci\FIbonacci\Debug\link.command.1.tlog
d:\用户目录\documents\visual studio 2010\Projects\FIbonacci\FIbonacci\Debug\link.read.1.tlog
d:\用户目录\documents\visual studio 2010\Projects\FIbonacci\FIbonacci\Debug\link.write.1.tlog
d:\用户目录\documents\visual studio 2010\Projects\FIbonacci\FIbonacci\Debug\link-cvtres.read.1.tlog
d:\用户目录\documents\visual studio 2010\Projects\FIbonacci\FIbonacci\Debug\link-cvtres.write.1.tlog
d:\用户目录\documents\visual studio 2010\Projects\FIbonacci\FIbonacci\Debug\mt.command.1.tlog
d:\用户目录\documents\visual studio 2010\Projects\FIbonacci\FIbonacci\Debug\mt.read.1.tlog
d:\用户目录\documents\visual studio 2010\Projects\FIbonacci\FIbonacci\Debug\mt.write.1.tlog
d:\用户目录\documents\visual studio 2010\Projects\FIbonacci\FIbonacci\Debug\rc.command.1.tlog
d:\用户目录\documents\visual studio 2010\Projects\FIbonacci\FIbonacci\Debug\rc.read.1.tlog
d:\用户目录\documents\visual studio 2010\Projects\FIbonacci\FIbonacci\Debug\rc.write.1.tlog
D:\用户目录\DOCUMENTS\VISUAL STUDIO 2010\PROJECTS\FIBONACCI\FIBONACCI\DEBUG\STDAFX.OBJ
d:\用户目录\documents\visual studio 2010\Projects\FIbonacci\FIbonacci\Debug\vc100.idb
D:\用户目录\DOCUMENTS\VISUAL STUDIO 2010\PROJECTS\FIBONACCI\FIBONACCI\DEBUG\VC100.PDB
