生成启动时间为 2016/3/5 16:47:01。
     1>项目“d:\用户目录\documents\visual studio 2010\Projects\FIbonacci\FIbonacci\FIbonacci.vcxproj”在节点 2 上(rebuild 个目标)。
     1>_PrepareForClean:
         正在删除文件“Debug\FIbonacci.lastbuildstate”。
       InitializeBuildStatus:
         正在创建“Debug\FIbonacci.unsuccessfulbuild”，因为已指定“AlwaysCreate”。
       ClCompile:
         E:\Microsoft Visual Studio\VC\bin\CL.exe /c /ZI /nologo /W3 /WX- /Od /Oy- /D WIN32 /D _DEBUG /D _CONSOLE /D _UNICODE /D UNICODE /Gm /EHsc /RTC1 /MDd /GS /fp:precise /Zc:wchar_t /Zc:forScope /Yc"StdAfx.h" /Fp"Debug\FIbonacci.pch" /Fo"Debug\\" /Fd"Debug\vc100.pdb" /Gd /TP /analyze- /errorReport:prompt stdafx.cpp
         stdafx.cpp
         E:\Microsoft Visual Studio\VC\bin\CL.exe /c /ZI /nologo /W3 /WX- /Od /Oy- /D WIN32 /D _DEBUG /D _CONSOLE /D _UNICODE /D UNICODE /Gm /EHsc /RTC1 /MDd /GS /fp:precise /Zc:wchar_t /Zc:forScope /Yu"StdAfx.h" /Fp"Debug\FIbonacci.pch" /Fo"Debug\\" /Fd"Debug\vc100.pdb" /Gd /TP /analyze- /errorReport:prompt FIbonacci.cpp
         FIbonacci.cpp
       ManifestResourceCompile:
         C:\Program Files\Microsoft SDKs\Windows\v7.0A\bin\rc.exe /nologo /fo"Debug\FIbonacci.exe.embed.manifest.res" Debug\FIbonacci_manifest.rc 
       Link:
         E:\Microsoft Visual Studio\VC\bin\link.exe /ERRORREPORT:PROMPT /OUT:"d:\用户目录\documents\visual studio 2010\Projects\FIbonacci\Debug\FIbonacci.exe" /INCREMENTAL /NOLOGO kernel32.lib user32.lib gdi32.lib winspool.lib comdlg32.lib advapi32.lib shell32.lib ole32.lib oleaut32.lib uuid.lib odbc32.lib odbccp32.lib /MANIFEST /ManifestFile:"Debug\FIbonacci.exe.intermediate.manifest" /MANIFESTUAC:"level='asInvoker' uiAccess='false'" /DEBUG /PDB:"d:\用户目录\documents\visual studio 2010\Projects\FIbonacci\Debug\FIbonacci.pdb" /SUBSYSTEM:CONSOLE /TLBID:1 /DYNAMICBASE /NXCOMPAT /IMPLIB:"d:\用户目录\documents\visual studio 2010\Projects\FIbonacci\Debug\FIbonacci.lib" /MACHINE:X86 Debug\FIbonacci.exe.embed.manifest.res
         Debug\FIbonacci.obj
         Debug\stdafx.obj
       Manifest:
         正在删除文件“Debug\FIbonacci.exe.embed.manifest”。
         C:\Program Files\Microsoft SDKs\Windows\v7.0A\bin\mt.exe /nologo /verbose /out:"Debug\FIbonacci.exe.embed.manifest" /manifest Debug\FIbonacci.exe.intermediate.manifest
         C:\Program Files\Microsoft SDKs\Windows\v7.0A\bin\rc.exe /nologo /fo"Debug\FIbonacci.exe.embed.manifest.res" Debug\FIbonacci_manifest.rc 
       LinkEmbedManifest:
         E:\Microsoft Visual Studio\VC\bin\link.exe /ERRORREPORT:PROMPT /OUT:"d:\用户目录\documents\visual studio 2010\Projects\FIbonacci\Debug\FIbonacci.exe" /INCREMENTAL /NOLOGO kernel32.lib user32.lib gdi32.lib winspool.lib comdlg32.lib advapi32.lib shell32.lib ole32.lib oleaut32.lib uuid.lib odbc32.lib odbccp32.lib /MANIFEST /ManifestFile:"Debug\FIbonacci.exe.intermediate.manifest" /MANIFESTUAC:"level='asInvoker' uiAccess='false'" /DEBUG /PDB:"d:\用户目录\documents\visual studio 2010\Projects\FIbonacci\Debug\FIbonacci.pdb" /SUBSYSTEM:CONSOLE /TLBID:1 /DYNAMICBASE /NXCOMPAT /IMPLIB:"d:\用户目录\documents\visual studio 2010\Projects\FIbonacci\Debug\FIbonacci.lib" /MACHINE:X86 Debug\FIbonacci.exe.embed.manifest.res
         Debug\FIbonacci.obj
         Debug\stdafx.obj
         FIbonacci.vcxproj -> d:\用户目录\documents\visual studio 2010\Projects\FIbonacci\Debug\FIbonacci.exe
       FinalizeBuildStatus:
         正在删除文件“Debug\FIbonacci.unsuccessfulbuild”。
         正在对“Debug\FIbonacci.lastbuildstate”执行 Touch 任务。
     1>已完成生成项目“d:\用户目录\documents\visual studio 2010\Projects\FIbonacci\FIbonacci\FIbonacci.vcxproj”(rebuild 个目标)的操作。

生成成功。

已用时间 00:00:04.60
