生成启动时间为 2016/3/1 18:48:47。
     1>项目“d:\用户目录\documents\visual studio 2010\Projects\二进制中1的个数\二进制中1的个数\二进制中1的个数.vcxproj”在节点 2 上(build 个目标)。
     1>InitializeBuildStatus:
         正在创建“Debug\二进制中1的个数.unsuccessfulbuild”，因为已指定“AlwaysCreate”。
       ClCompile:
         所有输出均为最新。
         E:\Microsoft Visual Studio\VC\bin\CL.exe /c /ZI /nologo /W3 /WX- /Od /Oy- /D WIN32 /D _DEBUG /D _CONSOLE /D _UNICODE /D UNICODE /Gm /EHsc /RTC1 /MDd /GS /fp:precise /Zc:wchar_t /Zc:forScope /Yu"StdAfx.h" /Fp"Debug\二进制中1的个数.pch" /Fo"Debug\\" /Fd"Debug\vc100.pdb" /Gd /TP /analyze- /errorReport:prompt "二进制中1的个数.cpp"
         二进制中1的个数.cpp
     1>d:\用户目录\documents\visual studio 2010\projects\二进制中1的个数\二进制中1的个数\二进制中1的个数.cpp(55): warning C4305: “参数”: 从“__int64”到“int”截断
     1>d:\用户目录\documents\visual studio 2010\projects\二进制中1的个数\二进制中1的个数\二进制中1的个数.cpp(55): warning C4309: “参数”: 截断常量值
       ManifestResourceCompile:
         所有输出均为最新。
       Link:
         E:\Microsoft Visual Studio\VC\bin\link.exe /ERRORREPORT:PROMPT /OUT:"d:\用户目录\documents\visual studio 2010\Projects\二进制中1的个数\Debug\二进制中1的个数.exe" /INCREMENTAL /NOLOGO kernel32.lib user32.lib gdi32.lib winspool.lib comdlg32.lib advapi32.lib shell32.lib ole32.lib oleaut32.lib uuid.lib odbc32.lib odbccp32.lib /MANIFEST /ManifestFile:"Debug\二进制中1的个数.exe.intermediate.manifest" /MANIFESTUAC:"level='asInvoker' uiAccess='false'" /DEBUG /PDB:"d:\用户目录\documents\visual studio 2010\Projects\二进制中1的个数\Debug\二进制中1的个数.pdb" /SUBSYSTEM:CONSOLE /TLBID:1 /DYNAMICBASE /NXCOMPAT /IMPLIB:"d:\用户目录\documents\visual studio 2010\Projects\二进制中1的个数\Debug\二进制中1的个数.lib" /MACHINE:X86 "Debug\二进制中1的个数.exe.embed.manifest.res"
         Debug\stdafx.obj
         "Debug\二进制中1的个数.obj"
       Manifest:
         C:\Program Files\Microsoft SDKs\Windows\v7.0A\bin\mt.exe /nologo /verbose /out:"Debug\二进制中1的个数.exe.embed.manifest" /manifest "Debug\二进制中1的个数.exe.intermediate.manifest"
         所有输出均为最新。
       LinkEmbedManifest:
         所有输出均为最新。
         二进制中1的个数.vcxproj -> d:\用户目录\documents\visual studio 2010\Projects\二进制中1的个数\Debug\二进制中1的个数.exe
       FinalizeBuildStatus:
         正在删除文件“Debug\二进制中1的个数.unsuccessfulbuild”。
         正在对“Debug\二进制中1的个数.lastbuildstate”执行 Touch 任务。
     1>已完成生成项目“d:\用户目录\documents\visual studio 2010\Projects\二进制中1的个数\二进制中1的个数\二进制中1的个数.vcxproj”(build 个目标)的操作。

生成成功。

已用时间 00:00:01.88
