生成启动时间为 2016/3/14 9:18:47。
     1>项目“d:\用户目录\documents\visual studio 2010\Projects\strcmp\strcmp\strcmp.vcxproj”在节点 2 上(rebuild 个目标)。
     1>PrepareForBuild:
         正在创建目录“d:\用户目录\documents\visual studio 2010\Projects\strcmp\Debug\”。
       InitializeBuildStatus:
         正在创建“Debug\strcmp.unsuccessfulbuild”，因为已指定“AlwaysCreate”。
       ClCompile:
         E:\Microsoft Visual Studio\VC\bin\CL.exe /c /ZI /nologo /W3 /WX- /Od /Oy- /D WIN32 /D _DEBUG /D _CONSOLE /D _UNICODE /D UNICODE /Gm /EHsc /RTC1 /MDd /GS /fp:precise /Zc:wchar_t /Zc:forScope /Yc"StdAfx.h" /Fp"Debug\strcmp.pch" /Fo"Debug\\" /Fd"Debug\vc100.pdb" /Gd /TP /analyze- /errorReport:prompt stdafx.cpp
         stdafx.cpp
         E:\Microsoft Visual Studio\VC\bin\CL.exe /c /ZI /nologo /W3 /WX- /Od /Oy- /D WIN32 /D _DEBUG /D _CONSOLE /D _UNICODE /D UNICODE /Gm /EHsc /RTC1 /MDd /GS /fp:precise /Zc:wchar_t /Zc:forScope /Yu"StdAfx.h" /Fp"Debug\strcmp.pch" /Fo"Debug\\" /Fd"Debug\vc100.pdb" /Gd /TP /analyze- /errorReport:prompt strcmp.cpp
         strcmp.cpp
       ManifestResourceCompile:
         C:\Program Files\Microsoft SDKs\Windows\v7.0A\bin\rc.exe /nologo /fo"Debug\strcmp.exe.embed.manifest.res" Debug\strcmp_manifest.rc 
       Link:
         E:\Microsoft Visual Studio\VC\bin\link.exe /ERRORREPORT:PROMPT /OUT:"d:\用户目录\documents\visual studio 2010\Projects\strcmp\Debug\strcmp.exe" /INCREMENTAL /NOLOGO kernel32.lib user32.lib gdi32.lib winspool.lib comdlg32.lib advapi32.lib shell32.lib ole32.lib oleaut32.lib uuid.lib odbc32.lib odbccp32.lib /MANIFEST /ManifestFile:"Debug\strcmp.exe.intermediate.manifest" /MANIFESTUAC:"level='asInvoker' uiAccess='false'" /DEBUG /PDB:"d:\用户目录\documents\visual studio 2010\Projects\strcmp\Debug\strcmp.pdb" /SUBSYSTEM:CONSOLE /TLBID:1 /DYNAMICBASE /NXCOMPAT /IMPLIB:"d:\用户目录\documents\visual studio 2010\Projects\strcmp\Debug\strcmp.lib" /MACHINE:X86 Debug\strcmp.exe.embed.manifest.res
         Debug\stdafx.obj
         Debug\strcmp.obj
     1>LINK : warning LNK4067: 不明确的入口点；选定“mainCRTStartup”
       Manifest:
         正在删除文件“Debug\strcmp.exe.embed.manifest”。
         C:\Program Files\Microsoft SDKs\Windows\v7.0A\bin\mt.exe /nologo /verbose /out:"Debug\strcmp.exe.embed.manifest" /manifest Debug\strcmp.exe.intermediate.manifest
         C:\Program Files\Microsoft SDKs\Windows\v7.0A\bin\rc.exe /nologo /fo"Debug\strcmp.exe.embed.manifest.res" Debug\strcmp_manifest.rc 
       LinkEmbedManifest:
         E:\Microsoft Visual Studio\VC\bin\link.exe /ERRORREPORT:PROMPT /OUT:"d:\用户目录\documents\visual studio 2010\Projects\strcmp\Debug\strcmp.exe" /INCREMENTAL /NOLOGO kernel32.lib user32.lib gdi32.lib winspool.lib comdlg32.lib advapi32.lib shell32.lib ole32.lib oleaut32.lib uuid.lib odbc32.lib odbccp32.lib /MANIFEST /ManifestFile:"Debug\strcmp.exe.intermediate.manifest" /MANIFESTUAC:"level='asInvoker' uiAccess='false'" /DEBUG /PDB:"d:\用户目录\documents\visual studio 2010\Projects\strcmp\Debug\strcmp.pdb" /SUBSYSTEM:CONSOLE /TLBID:1 /DYNAMICBASE /NXCOMPAT /IMPLIB:"d:\用户目录\documents\visual studio 2010\Projects\strcmp\Debug\strcmp.lib" /MACHINE:X86 Debug\strcmp.exe.embed.manifest.res
         Debug\stdafx.obj
         Debug\strcmp.obj
     1>LINK : warning LNK4067: 不明确的入口点；选定“mainCRTStartup”
         strcmp.vcxproj -> d:\用户目录\documents\visual studio 2010\Projects\strcmp\Debug\strcmp.exe
       FinalizeBuildStatus:
         正在删除文件“Debug\strcmp.unsuccessfulbuild”。
         正在对“Debug\strcmp.lastbuildstate”执行 Touch 任务。
     1>已完成生成项目“d:\用户目录\documents\visual studio 2010\Projects\strcmp\strcmp\strcmp.vcxproj”(rebuild 个目标)的操作。

生成成功。

已用时间 00:00:07.78
