生成启动时间为 2016/9/13 10:16:24。
     1>项目“d:\用户目录\documents\visual studio 2010\Projects\smartPoint\smartPoint\smartPoint.vcxproj”在节点 2 上(build 个目标)。
     1>InitializeBuildStatus:
         正在创建“Debug\smartPoint.unsuccessfulbuild”，因为已指定“AlwaysCreate”。
       ClCompile:
         所有输出均为最新。
         E:\Microsoft Visual Studio\VC\bin\CL.exe /c /ZI /nologo /W3 /WX- /Od /Oy- /D WIN32 /D _DEBUG /D _CONSOLE /D _UNICODE /D UNICODE /Gm /EHsc /RTC1 /MDd /GS /fp:precise /Zc:wchar_t /Zc:forScope /Yu"StdAfx.h" /Fp"Debug\smartPoint.pch" /Fo"Debug\\" /Fd"Debug\vc100.pdb" /Gd /TP /analyze- /errorReport:prompt smartPoint.cpp
         smartPoint.cpp
     1>d:\用户目录\documents\visual studio 2010\projects\smartpoint\smartpoint\smartpoint.cpp(16): warning C4996: 'scanf': This function or variable may be unsafe. Consider using scanf_s instead. To disable deprecation, use _CRT_SECURE_NO_WARNINGS. See online help for details.
                 e:\microsoft visual studio\vc\include\stdio.h(304) : 参见“scanf”的声明
       ManifestResourceCompile:
         所有输出均为最新。
       Link:
         E:\Microsoft Visual Studio\VC\bin\link.exe /ERRORREPORT:PROMPT /OUT:"d:\用户目录\documents\visual studio 2010\Projects\smartPoint\Debug\smartPoint.exe" /INCREMENTAL /NOLOGO kernel32.lib user32.lib gdi32.lib winspool.lib comdlg32.lib advapi32.lib shell32.lib ole32.lib oleaut32.lib uuid.lib odbc32.lib odbccp32.lib /MANIFEST /ManifestFile:"Debug\smartPoint.exe.intermediate.manifest" /MANIFESTUAC:"level='asInvoker' uiAccess='false'" /DEBUG /PDB:"d:\用户目录\documents\visual studio 2010\Projects\smartPoint\Debug\smartPoint.pdb" /SUBSYSTEM:CONSOLE /TLBID:1 /DYNAMICBASE /NXCOMPAT /IMPLIB:"d:\用户目录\documents\visual studio 2010\Projects\smartPoint\Debug\smartPoint.lib" /MACHINE:X86 Debug\smartPoint.exe.embed.manifest.res
         Debug\smartPoint.obj
         Debug\stdafx.obj
       Manifest:
         C:\Program Files\Microsoft SDKs\Windows\v7.0A\bin\mt.exe /nologo /verbose /out:"Debug\smartPoint.exe.embed.manifest" /manifest Debug\smartPoint.exe.intermediate.manifest
         所有输出均为最新。
       LinkEmbedManifest:
         所有输出均为最新。
         smartPoint.vcxproj -> d:\用户目录\documents\visual studio 2010\Projects\smartPoint\Debug\smartPoint.exe
       FinalizeBuildStatus:
         正在删除文件“Debug\smartPoint.unsuccessfulbuild”。
         正在对“Debug\smartPoint.lastbuildstate”执行 Touch 任务。
     1>已完成生成项目“d:\用户目录\documents\visual studio 2010\Projects\smartPoint\smartPoint\smartPoint.vcxproj”(build 个目标)的操作。

生成成功。

已用时间 00:00:01.97
