D:\用户目录\DOCUMENTS\VISUAL STUDIO 2010\PROJECTS\SORTMETHD\DEBUG\SORTMETHD.EXE
D:\用户目录\DOCUMENTS\VISUAL STUDIO 2010\PROJECTS\SORTMETHD\DEBUG\SORTMETHD.ILK
D:\用户目录\DOCUMENTS\VISUAL STUDIO 2010\PROJECTS\SORTMETHD\DEBUG\SORTMETHD.PDB
d:\用户目录\documents\visual studio 2010\Projects\sortMethd\sortMethd\Debug\cl.command.1.tlog
d:\用户目录\documents\visual studio 2010\Projects\sortMethd\sortMethd\Debug\CL.read.1.tlog
d:\用户目录\documents\visual studio 2010\Projects\sortMethd\sortMethd\Debug\CL.write.1.tlog
d:\用户目录\documents\visual studio 2010\Projects\sortMethd\sortMethd\Debug\link.4532.read.1.tlog
d:\用户目录\documents\visual studio 2010\Projects\sortMethd\sortMethd\Debug\link.4532.write.1.tlog
d:\用户目录\documents\visual studio 2010\Projects\sortMethd\sortMethd\Debug\link.4532-cvtres.read.1.tlog
d:\用户目录\documents\visual studio 2010\Projects\sortMethd\sortMethd\Debug\link.4532-cvtres.write.1.tlog
d:\用户目录\documents\visual studio 2010\Projects\sortMethd\sortMethd\Debug\link.command.1.tlog
d:\用户目录\documents\visual studio 2010\Projects\sortMethd\sortMethd\Debug\link.read.1.tlog
d:\用户目录\documents\visual studio 2010\Projects\sortMethd\sortMethd\Debug\link.write.1.tlog
d:\用户目录\documents\visual studio 2010\Projects\sortMethd\sortMethd\Debug\link-cvtres.read.1.tlog
d:\用户目录\documents\visual studio 2010\Projects\sortMethd\sortMethd\Debug\link-cvtres.write.1.tlog
d:\用户目录\documents\visual studio 2010\Projects\sortMethd\sortMethd\Debug\mt.command.1.tlog
d:\用户目录\documents\visual studio 2010\Projects\sortMethd\sortMethd\Debug\mt.read.1.tlog
d:\用户目录\documents\visual studio 2010\Projects\sortMethd\sortMethd\Debug\mt.write.1.tlog
d:\用户目录\documents\visual studio 2010\Projects\sortMethd\sortMethd\Debug\rc.command.1.tlog
d:\用户目录\documents\visual studio 2010\Projects\sortMethd\sortMethd\Debug\rc.read.1.tlog
d:\用户目录\documents\visual studio 2010\Projects\sortMethd\sortMethd\Debug\rc.write.1.tlog
D:\用户目录\DOCUMENTS\VISUAL STUDIO 2010\PROJECTS\SORTMETHD\SORTMETHD\DEBUG\SORTMETHD.EXE.EMBED.MANIFEST
D:\用户目录\DOCUMENTS\VISUAL STUDIO 2010\PROJECTS\SORTMETHD\SORTMETHD\DEBUG\SORTMETHD.EXE.EMBED.MANIFEST.RES
D:\用户目录\DOCUMENTS\VISUAL STUDIO 2010\PROJECTS\SORTMETHD\SORTMETHD\DEBUG\SORTMETHD.EXE.INTERMEDIATE.MANIFEST
D:\用户目录\DOCUMENTS\VISUAL STUDIO 2010\PROJECTS\SORTMETHD\SORTMETHD\DEBUG\SORTMETHD.OBJ
D:\用户目录\DOCUMENTS\VISUAL STUDIO 2010\PROJECTS\SORTMETHD\SORTMETHD\DEBUG\SORTMETHD.PCH
d:\用户目录\documents\visual studio 2010\Projects\sortMethd\sortMethd\Debug\sortMethd.vcxprojResolveAssemblyReference.cache
d:\用户目录\documents\visual studio 2010\Projects\sortMethd\sortMethd\Debug\sortMethd.write.1.tlog
d:\用户目录\documents\visual studio 2010\Projects\sortMethd\sortMethd\Debug\sortMethd_manifest.rc
D:\用户目录\DOCUMENTS\VISUAL STUDIO 2010\PROJECTS\SORTMETHD\SORTMETHD\DEBUG\STDAFX.OBJ
d:\用户目录\documents\visual studio 2010\Projects\sortMethd\sortMethd\Debug\vc100.idb
D:\用户目录\DOCUMENTS\VISUAL STUDIO 2010\PROJECTS\SORTMETHD\SORTMETHD\DEBUG\VC100.PDB
