D:\用户目录\DOCUMENTS\VISUAL STUDIO 2010\PROJECTS\二进制中1 的个数\DEBUG\二进制中1 的个数.EXE
D:\用户目录\DOCUMENTS\VISUAL STUDIO 2010\PROJECTS\二进制中1 的个数\DEBUG\二进制中1 的个数.ILK
D:\用户目录\DOCUMENTS\VISUAL STUDIO 2010\PROJECTS\二进制中1 的个数\DEBUG\二进制中1 的个数.PDB
d:\用户目录\documents\visual studio 2010\Projects\二进制中1 的个数\二进制中1 的个数\Debug\cl.command.1.tlog
d:\用户目录\documents\visual studio 2010\Projects\二进制中1 的个数\二进制中1 的个数\Debug\CL.read.1.tlog
d:\用户目录\documents\visual studio 2010\Projects\二进制中1 的个数\二进制中1 的个数\Debug\CL.write.1.tlog
d:\用户目录\documents\visual studio 2010\Projects\二进制中1 的个数\二进制中1 的个数\Debug\link.6544.read.1.tlog
d:\用户目录\documents\visual studio 2010\Projects\二进制中1 的个数\二进制中1 的个数\Debug\link.6544.write.1.tlog
d:\用户目录\documents\visual studio 2010\Projects\二进制中1 的个数\二进制中1 的个数\Debug\link.6544-cvtres.read.1.tlog
d:\用户目录\documents\visual studio 2010\Projects\二进制中1 的个数\二进制中1 的个数\Debug\link.6544-cvtres.write.1.tlog
d:\用户目录\documents\visual studio 2010\Projects\二进制中1 的个数\二进制中1 的个数\Debug\link.command.1.tlog
d:\用户目录\documents\visual studio 2010\Projects\二进制中1 的个数\二进制中1 的个数\Debug\link.read.1.tlog
d:\用户目录\documents\visual studio 2010\Projects\二进制中1 的个数\二进制中1 的个数\Debug\link.write.1.tlog
d:\用户目录\documents\visual studio 2010\Projects\二进制中1 的个数\二进制中1 的个数\Debug\link-cvtres.read.1.tlog
d:\用户目录\documents\visual studio 2010\Projects\二进制中1 的个数\二进制中1 的个数\Debug\link-cvtres.write.1.tlog
d:\用户目录\documents\visual studio 2010\Projects\二进制中1 的个数\二进制中1 的个数\Debug\mt.command.1.tlog
d:\用户目录\documents\visual studio 2010\Projects\二进制中1 的个数\二进制中1 的个数\Debug\mt.read.1.tlog
d:\用户目录\documents\visual studio 2010\Projects\二进制中1 的个数\二进制中1 的个数\Debug\mt.write.1.tlog
d:\用户目录\documents\visual studio 2010\Projects\二进制中1 的个数\二进制中1 的个数\Debug\rc.command.1.tlog
d:\用户目录\documents\visual studio 2010\Projects\二进制中1 的个数\二进制中1 的个数\Debug\rc.read.1.tlog
d:\用户目录\documents\visual studio 2010\Projects\二进制中1 的个数\二进制中1 的个数\Debug\rc.write.1.tlog
D:\用户目录\DOCUMENTS\VISUAL STUDIO 2010\PROJECTS\二进制中1 的个数\二进制中1 的个数\DEBUG\STDAFX.OBJ
d:\用户目录\documents\visual studio 2010\Projects\二进制中1 的个数\二进制中1 的个数\Debug\vc100.idb
D:\用户目录\DOCUMENTS\VISUAL STUDIO 2010\PROJECTS\二进制中1 的个数\二进制中1 的个数\DEBUG\VC100.PDB
D:\用户目录\DOCUMENTS\VISUAL STUDIO 2010\PROJECTS\二进制中1 的个数\二进制中1 的个数\DEBUG\二进制中1 的个数.EXE.EMBED.MANIFEST
D:\用户目录\DOCUMENTS\VISUAL STUDIO 2010\PROJECTS\二进制中1 的个数\二进制中1 的个数\DEBUG\二进制中1 的个数.EXE.EMBED.MANIFEST.RES
D:\用户目录\DOCUMENTS\VISUAL STUDIO 2010\PROJECTS\二进制中1 的个数\二进制中1 的个数\DEBUG\二进制中1 的个数.EXE.INTERMEDIATE.MANIFEST
D:\用户目录\DOCUMENTS\VISUAL STUDIO 2010\PROJECTS\二进制中1 的个数\二进制中1 的个数\DEBUG\二进制中1 的个数.OBJ
D:\用户目录\DOCUMENTS\VISUAL STUDIO 2010\PROJECTS\二进制中1 的个数\二进制中1 的个数\DEBUG\二进制中1 的个数.PCH
d:\用户目录\documents\visual studio 2010\Projects\二进制中1 的个数\二进制中1 的个数\Debug\二进制中1 的个数.vcxprojResolveAssemblyReference.cache
d:\用户目录\documents\visual studio 2010\Projects\二进制中1 的个数\二进制中1 的个数\Debug\二进制中1 的个数.write.1.tlog
d:\用户目录\documents\visual studio 2010\Projects\二进制中1 的个数\二进制中1 的个数\Debug\二进制中1 的个数_manifest.rc
