生成启动时间为 2017/6/8 16:29:45。
     1>项目“E:\C-learn\operator_t\operator_t.vcxproj”在节点 2 上(build 个目标)。
     1>InitializeBuildStatus:
         正在创建“.\Debug\operator_t.unsuccessfulbuild”，因为已指定“AlwaysCreate”。
       ClCompile:
         所有输出均为最新。
         E:\Microsoft Visual Studio\VC\bin\CL.exe /c /ZI /nologo /W3 /WX- /Od /Oy- /D WIN32 /D _DEBUG /D _CONSOLE /D _VC80_UPGRADE=0x0600 /D _MBCS /Gm /EHsc /RTC1 /MTd /GS /Gy- /fp:precise /Zc:wchar_t /Zc:forScope /Yu"stdafx.h" /Fp".\Debug\operator_t.pch" /Fo".\Debug\\" /Fd".\Debug\vc100.pdb" /Gd /TP /analyze- /errorReport:prompt operator_t.cpp
         operator_t.cpp
       ManifestResourceCompile:
         所有输出均为最新。
       Link:
         E:\Microsoft Visual Studio\VC\bin\link.exe /ERRORREPORT:PROMPT /OUT:".\Debug\operator_t.exe" /INCREMENTAL /NOLOGO odbc32.lib odbccp32.lib kernel32.lib user32.lib gdi32.lib winspool.lib comdlg32.lib advapi32.lib shell32.lib ole32.lib oleaut32.lib uuid.lib odbc32.lib odbccp32.lib /MANIFEST /ManifestFile:".\Debug\operator_t.exe.intermediate.manifest" /MANIFESTUAC:"level='asInvoker' uiAccess='false'" /DEBUG /PDB:"E:\C-learn\operator_t\Debug\operator_t.pdb" /SUBSYSTEM:CONSOLE /TLBID:1 /DYNAMICBASE /NXCOMPAT /IMPLIB:".\Debug\operator_t.lib" /MACHINE:X86 .\Debug\operator_t.exe.embed.manifest.res
         .\Debug\operator_t.obj
         .\Debug\StdAfx.obj
       Manifest:
         C:\Program Files\Microsoft SDKs\Windows\v7.0A\bin\mt.exe /nologo /verbose /out:".\Debug\operator_t.exe.embed.manifest" /manifest .\Debug\operator_t.exe.intermediate.manifest
         所有输出均为最新。
       LinkEmbedManifest:
         所有输出均为最新。
         operator_t.vcxproj -> E:\C-learn\operator_t\.\Debug\operator_t.exe
       FinalizeBuildStatus:
         正在删除文件“.\Debug\operator_t.unsuccessfulbuild”。
         正在对“.\Debug\operator_t.lastbuildstate”执行 Touch 任务。
     1>已完成生成项目“E:\C-learn\operator_t\operator_t.vcxproj”(build 个目标)的操作。

生成成功。

已用时间 00:00:02.36
