生成启动时间为 2016/9/22 23:39:03。
     1>项目“d:\用户目录\documents\visual studio 2010\Projects\digital\digital\digital.vcxproj”在节点 2 上(build 个目标)。
     1>InitializeBuildStatus:
         正在创建“Debug\digital.unsuccessfulbuild”，因为已指定“AlwaysCreate”。
       ClCompile:
         所有输出均为最新。
         E:\Microsoft Visual Studio\VC\bin\CL.exe /c /ZI /nologo /W3 /WX- /Od /Oy- /D WIN32 /D _DEBUG /D _CONSOLE /D _UNICODE /D UNICODE /Gm /EHsc /RTC1 /MDd /GS /fp:precise /Zc:wchar_t /Zc:forScope /Yu"StdAfx.h" /Fp"Debug\digital.pch" /Fo"Debug\\" /Fd"Debug\vc100.pdb" /Gd /TP /analyze- /errorReport:prompt digital.cpp
         digital.cpp
       ManifestResourceCompile:
         所有输出均为最新。
       Link:
         E:\Microsoft Visual Studio\VC\bin\link.exe /ERRORREPORT:PROMPT /OUT:"d:\用户目录\documents\visual studio 2010\Projects\digital\Debug\digital.exe" /INCREMENTAL /NOLOGO kernel32.lib user32.lib gdi32.lib winspool.lib comdlg32.lib advapi32.lib shell32.lib ole32.lib oleaut32.lib uuid.lib odbc32.lib odbccp32.lib /MANIFEST /ManifestFile:"Debug\digital.exe.intermediate.manifest" /MANIFESTUAC:"level='asInvoker' uiAccess='false'" /DEBUG /PDB:"d:\用户目录\documents\visual studio 2010\Projects\digital\Debug\digital.pdb" /SUBSYSTEM:CONSOLE /TLBID:1 /DYNAMICBASE /NXCOMPAT /IMPLIB:"d:\用户目录\documents\visual studio 2010\Projects\digital\Debug\digital.lib" /MACHINE:X86 Debug\digital.exe.embed.manifest.res
         Debug\digital.obj
         Debug\stdafx.obj
       Manifest:
         C:\Program Files\Microsoft SDKs\Windows\v7.0A\bin\mt.exe /nologo /verbose /out:"Debug\digital.exe.embed.manifest" /manifest Debug\digital.exe.intermediate.manifest
         所有输出均为最新。
       LinkEmbedManifest:
         所有输出均为最新。
         digital.vcxproj -> d:\用户目录\documents\visual studio 2010\Projects\digital\Debug\digital.exe
       FinalizeBuildStatus:
         正在删除文件“Debug\digital.unsuccessfulbuild”。
         正在对“Debug\digital.lastbuildstate”执行 Touch 任务。
     1>已完成生成项目“d:\用户目录\documents\visual studio 2010\Projects\digital\digital\digital.vcxproj”(build 个目标)的操作。

生成成功。

已用时间 00:00:02.79
