D:\用户目录\DOCUMENTS\VISUAL STUDIO 2010\PROJECTS\逆序打印单链表\DEBUG\逆序打印单链表.EXE
D:\用户目录\DOCUMENTS\VISUAL STUDIO 2010\PROJECTS\逆序打印单链表\DEBUG\逆序打印单链表.ILK
D:\用户目录\DOCUMENTS\VISUAL STUDIO 2010\PROJECTS\逆序打印单链表\DEBUG\逆序打印单链表.PDB
d:\用户目录\documents\visual studio 2010\Projects\逆序打印单链表\逆序打印单链表\Debug\cl.command.1.tlog
d:\用户目录\documents\visual studio 2010\Projects\逆序打印单链表\逆序打印单链表\Debug\CL.read.1.tlog
d:\用户目录\documents\visual studio 2010\Projects\逆序打印单链表\逆序打印单链表\Debug\CL.write.1.tlog
d:\用户目录\documents\visual studio 2010\Projects\逆序打印单链表\逆序打印单链表\Debug\link.1896.read.1.tlog
d:\用户目录\documents\visual studio 2010\Projects\逆序打印单链表\逆序打印单链表\Debug\link.1896.write.1.tlog
d:\用户目录\documents\visual studio 2010\Projects\逆序打印单链表\逆序打印单链表\Debug\link.1896-cvtres.read.1.tlog
d:\用户目录\documents\visual studio 2010\Projects\逆序打印单链表\逆序打印单链表\Debug\link.1896-cvtres.write.1.tlog
d:\用户目录\documents\visual studio 2010\Projects\逆序打印单链表\逆序打印单链表\Debug\link.command.1.tlog
d:\用户目录\documents\visual studio 2010\Projects\逆序打印单链表\逆序打印单链表\Debug\link.read.1.tlog
d:\用户目录\documents\visual studio 2010\Projects\逆序打印单链表\逆序打印单链表\Debug\link.write.1.tlog
d:\用户目录\documents\visual studio 2010\Projects\逆序打印单链表\逆序打印单链表\Debug\link-cvtres.read.1.tlog
d:\用户目录\documents\visual studio 2010\Projects\逆序打印单链表\逆序打印单链表\Debug\link-cvtres.write.1.tlog
d:\用户目录\documents\visual studio 2010\Projects\逆序打印单链表\逆序打印单链表\Debug\mt.command.1.tlog
d:\用户目录\documents\visual studio 2010\Projects\逆序打印单链表\逆序打印单链表\Debug\mt.read.1.tlog
d:\用户目录\documents\visual studio 2010\Projects\逆序打印单链表\逆序打印单链表\Debug\mt.write.1.tlog
d:\用户目录\documents\visual studio 2010\Projects\逆序打印单链表\逆序打印单链表\Debug\rc.command.1.tlog
d:\用户目录\documents\visual studio 2010\Projects\逆序打印单链表\逆序打印单链表\Debug\rc.read.1.tlog
d:\用户目录\documents\visual studio 2010\Projects\逆序打印单链表\逆序打印单链表\Debug\rc.write.1.tlog
D:\用户目录\DOCUMENTS\VISUAL STUDIO 2010\PROJECTS\逆序打印单链表\逆序打印单链表\DEBUG\STDAFX.OBJ
d:\用户目录\documents\visual studio 2010\Projects\逆序打印单链表\逆序打印单链表\Debug\vc100.idb
D:\用户目录\DOCUMENTS\VISUAL STUDIO 2010\PROJECTS\逆序打印单链表\逆序打印单链表\DEBUG\VC100.PDB
D:\用户目录\DOCUMENTS\VISUAL STUDIO 2010\PROJECTS\逆序打印单链表\逆序打印单链表\DEBUG\逆序打印单链表.EXE.EMBED.MANIFEST
D:\用户目录\DOCUMENTS\VISUAL STUDIO 2010\PROJECTS\逆序打印单链表\逆序打印单链表\DEBUG\逆序打印单链表.EXE.EMBED.MANIFEST.RES
D:\用户目录\DOCUMENTS\VISUAL STUDIO 2010\PROJECTS\逆序打印单链表\逆序打印单链表\DEBUG\逆序打印单链表.EXE.INTERMEDIATE.MANIFEST
D:\用户目录\DOCUMENTS\VISUAL STUDIO 2010\PROJECTS\逆序打印单链表\逆序打印单链表\DEBUG\逆序打印单链表.OBJ
D:\用户目录\DOCUMENTS\VISUAL STUDIO 2010\PROJECTS\逆序打印单链表\逆序打印单链表\DEBUG\逆序打印单链表.PCH
d:\用户目录\documents\visual studio 2010\Projects\逆序打印单链表\逆序打印单链表\Debug\逆序打印单链表.write.1.tlog
d:\用户目录\documents\visual studio 2010\Projects\逆序打印单链表\逆序打印单链表\Debug\逆序打印单链表_manifest.rc
