生成启动时间为 2016/3/14 9:22:30。
     1>项目“d:\用户目录\documents\visual studio 2010\Projects\大数相加\大数相加\大数相加.vcxproj”在节点 2 上(build 个目标)。
     1>PrepareForBuild:
         正在创建目录“d:\用户目录\documents\visual studio 2010\Projects\大数相加\Debug\”。
       InitializeBuildStatus:
         正在创建“Debug\大数相加.unsuccessfulbuild”，因为已指定“AlwaysCreate”。
       ClCompile:
         E:\Microsoft Visual Studio\VC\bin\CL.exe /c /ZI /nologo /W3 /WX- /Od /Oy- /D WIN32 /D _DEBUG /D _CONSOLE /D _UNICODE /D UNICODE /Gm /EHsc /RTC1 /MDd /GS /fp:precise /Zc:wchar_t /Zc:forScope /Yc"StdAfx.h" /Fp"Debug\大数相加.pch" /Fo"Debug\\" /Fd"Debug\vc100.pdb" /Gd /TP /analyze- /errorReport:prompt stdafx.cpp
         stdafx.cpp
         E:\Microsoft Visual Studio\VC\bin\CL.exe /c /ZI /nologo /W3 /WX- /Od /Oy- /D WIN32 /D _DEBUG /D _CONSOLE /D _UNICODE /D UNICODE /Gm /EHsc /RTC1 /MDd /GS /fp:precise /Zc:wchar_t /Zc:forScope /Yu"StdAfx.h" /Fp"Debug\大数相加.pch" /Fo"Debug\\" /Fd"Debug\vc100.pdb" /Gd /TP /analyze- /errorReport:prompt "大数相加.cpp"
         大数相加.cpp
     1>d:\用户目录\documents\visual studio 2010\projects\大数相加\大数相加\大数相加.cpp(15): warning C4996: 'gets': This function or variable may be unsafe. Consider using gets_s instead. To disable deprecation, use _CRT_SECURE_NO_WARNINGS. See online help for details.
                 e:\microsoft visual studio\vc\include\stdio.h(277) : 参见“gets”的声明
     1>d:\用户目录\documents\visual studio 2010\projects\大数相加\大数相加\大数相加.cpp(16): warning C4996: 'gets': This function or variable may be unsafe. Consider using gets_s instead. To disable deprecation, use _CRT_SECURE_NO_WARNINGS. See online help for details.
                 e:\microsoft visual studio\vc\include\stdio.h(277) : 参见“gets”的声明
       ManifestResourceCompile:
         C:\Program Files\Microsoft SDKs\Windows\v7.0A\bin\rc.exe /nologo /fo"Debug\大数相加.exe.embed.manifest.res" "Debug\大数相加_manifest.rc" 
       Link:
         E:\Microsoft Visual Studio\VC\bin\link.exe /ERRORREPORT:PROMPT /OUT:"d:\用户目录\documents\visual studio 2010\Projects\大数相加\Debug\大数相加.exe" /INCREMENTAL /NOLOGO kernel32.lib user32.lib gdi32.lib winspool.lib comdlg32.lib advapi32.lib shell32.lib ole32.lib oleaut32.lib uuid.lib odbc32.lib odbccp32.lib /MANIFEST /ManifestFile:"Debug\大数相加.exe.intermediate.manifest" /MANIFESTUAC:"level='asInvoker' uiAccess='false'" /DEBUG /PDB:"d:\用户目录\documents\visual studio 2010\Projects\大数相加\Debug\大数相加.pdb" /SUBSYSTEM:CONSOLE /TLBID:1 /DYNAMICBASE /NXCOMPAT /IMPLIB:"d:\用户目录\documents\visual studio 2010\Projects\大数相加\Debug\大数相加.lib" /MACHINE:X86 "Debug\大数相加.exe.embed.manifest.res"
         Debug\stdafx.obj
         "Debug\大数相加.obj"
     1>LINK : warning LNK4067: 不明确的入口点；选定“mainCRTStartup”
       Manifest:
         C:\Program Files\Microsoft SDKs\Windows\v7.0A\bin\mt.exe /nologo /verbose /out:"Debug\大数相加.exe.embed.manifest" /manifest "Debug\大数相加.exe.intermediate.manifest"
         C:\Program Files\Microsoft SDKs\Windows\v7.0A\bin\rc.exe /nologo /fo"Debug\大数相加.exe.embed.manifest.res" "Debug\大数相加_manifest.rc" 
       LinkEmbedManifest:
         E:\Microsoft Visual Studio\VC\bin\link.exe /ERRORREPORT:PROMPT /OUT:"d:\用户目录\documents\visual studio 2010\Projects\大数相加\Debug\大数相加.exe" /INCREMENTAL /NOLOGO kernel32.lib user32.lib gdi32.lib winspool.lib comdlg32.lib advapi32.lib shell32.lib ole32.lib oleaut32.lib uuid.lib odbc32.lib odbccp32.lib /MANIFEST /ManifestFile:"Debug\大数相加.exe.intermediate.manifest" /MANIFESTUAC:"level='asInvoker' uiAccess='false'" /DEBUG /PDB:"d:\用户目录\documents\visual studio 2010\Projects\大数相加\Debug\大数相加.pdb" /SUBSYSTEM:CONSOLE /TLBID:1 /DYNAMICBASE /NXCOMPAT /IMPLIB:"d:\用户目录\documents\visual studio 2010\Projects\大数相加\Debug\大数相加.lib" /MACHINE:X86 "Debug\大数相加.exe.embed.manifest.res"
         Debug\stdafx.obj
         "Debug\大数相加.obj"
     1>LINK : warning LNK4067: 不明确的入口点；选定“mainCRTStartup”
         大数相加.vcxproj -> d:\用户目录\documents\visual studio 2010\Projects\大数相加\Debug\大数相加.exe
       FinalizeBuildStatus:
         正在删除文件“Debug\大数相加.unsuccessfulbuild”。
         正在对“Debug\大数相加.lastbuildstate”执行 Touch 任务。
     1>已完成生成项目“d:\用户目录\documents\visual studio 2010\Projects\大数相加\大数相加\大数相加.vcxproj”(build 个目标)的操作。

生成成功。

已用时间 00:00:01.58
