D:\用户目录\DOCUMENTS\VISUAL STUDIO 2010\PROJECTS\LINLISTNIZHI\DEBUG\LINLISTNIZHI.EXE
D:\用户目录\DOCUMENTS\VISUAL STUDIO 2010\PROJECTS\LINLISTNIZHI\DEBUG\LINLISTNIZHI.ILK
D:\用户目录\DOCUMENTS\VISUAL STUDIO 2010\PROJECTS\LINLISTNIZHI\DEBUG\LINLISTNIZHI.PDB
d:\用户目录\documents\visual studio 2010\Projects\Linlistnizhi\Linlistnizhi\Debug\cl.command.1.tlog
d:\用户目录\documents\visual studio 2010\Projects\Linlistnizhi\Linlistnizhi\Debug\CL.read.1.tlog
d:\用户目录\documents\visual studio 2010\Projects\Linlistnizhi\Linlistnizhi\Debug\CL.write.1.tlog
d:\用户目录\documents\visual studio 2010\Projects\Linlistnizhi\Linlistnizhi\Debug\link.5228.read.1.tlog
d:\用户目录\documents\visual studio 2010\Projects\Linlistnizhi\Linlistnizhi\Debug\link.5228.write.1.tlog
d:\用户目录\documents\visual studio 2010\Projects\Linlistnizhi\Linlistnizhi\Debug\link.5228-cvtres.read.1.tlog
d:\用户目录\documents\visual studio 2010\Projects\Linlistnizhi\Linlistnizhi\Debug\link.5228-cvtres.write.1.tlog
d:\用户目录\documents\visual studio 2010\Projects\Linlistnizhi\Linlistnizhi\Debug\link.command.1.tlog
d:\用户目录\documents\visual studio 2010\Projects\Linlistnizhi\Linlistnizhi\Debug\link.read.1.tlog
d:\用户目录\documents\visual studio 2010\Projects\Linlistnizhi\Linlistnizhi\Debug\link.write.1.tlog
d:\用户目录\documents\visual studio 2010\Projects\Linlistnizhi\Linlistnizhi\Debug\link-cvtres.read.1.tlog
d:\用户目录\documents\visual studio 2010\Projects\Linlistnizhi\Linlistnizhi\Debug\link-cvtres.write.1.tlog
D:\用户目录\DOCUMENTS\VISUAL STUDIO 2010\PROJECTS\LINLISTNIZHI\LINLISTNIZHI\DEBUG\LINLISTNIZHI.EXE.EMBED.MANIFEST
D:\用户目录\DOCUMENTS\VISUAL STUDIO 2010\PROJECTS\LINLISTNIZHI\LINLISTNIZHI\DEBUG\LINLISTNIZHI.EXE.EMBED.MANIFEST.RES
D:\用户目录\DOCUMENTS\VISUAL STUDIO 2010\PROJECTS\LINLISTNIZHI\LINLISTNIZHI\DEBUG\LINLISTNIZHI.EXE.INTERMEDIATE.MANIFEST
D:\用户目录\DOCUMENTS\VISUAL STUDIO 2010\PROJECTS\LINLISTNIZHI\LINLISTNIZHI\DEBUG\LINLISTNIZHI.OBJ
D:\用户目录\DOCUMENTS\VISUAL STUDIO 2010\PROJECTS\LINLISTNIZHI\LINLISTNIZHI\DEBUG\LINLISTNIZHI.PCH
d:\用户目录\documents\visual studio 2010\Projects\Linlistnizhi\Linlistnizhi\Debug\Linlistnizhi.write.1.tlog
d:\用户目录\documents\visual studio 2010\Projects\Linlistnizhi\Linlistnizhi\Debug\Linlistnizhi_manifest.rc
d:\用户目录\documents\visual studio 2010\Projects\Linlistnizhi\Linlistnizhi\Debug\mt.command.1.tlog
d:\用户目录\documents\visual studio 2010\Projects\Linlistnizhi\Linlistnizhi\Debug\mt.read.1.tlog
d:\用户目录\documents\visual studio 2010\Projects\Linlistnizhi\Linlistnizhi\Debug\mt.write.1.tlog
d:\用户目录\documents\visual studio 2010\Projects\Linlistnizhi\Linlistnizhi\Debug\rc.command.1.tlog
d:\用户目录\documents\visual studio 2010\Projects\Linlistnizhi\Linlistnizhi\Debug\rc.read.1.tlog
d:\用户目录\documents\visual studio 2010\Projects\Linlistnizhi\Linlistnizhi\Debug\rc.write.1.tlog
D:\用户目录\DOCUMENTS\VISUAL STUDIO 2010\PROJECTS\LINLISTNIZHI\LINLISTNIZHI\DEBUG\STDAFX.OBJ
d:\用户目录\documents\visual studio 2010\Projects\Linlistnizhi\Linlistnizhi\Debug\vc100.idb
D:\用户目录\DOCUMENTS\VISUAL STUDIO 2010\PROJECTS\LINLISTNIZHI\LINLISTNIZHI\DEBUG\VC100.PDB
