生成启动时间为 2017/11/18 15:03:02。
     1>项目“d:\用户目录\documents\visual studio 2010\Projects\thread_t2\thread_t2\thread_t2.vcxproj”在节点 2 上(build 个目标)。
     1>InitializeBuildStatus:
         正在对“Debug\thread_t2.unsuccessfulbuild”执行 Touch 任务。
       ClCompile:
         E:\Microsoft Visual Studio\VC\bin\CL.exe /c /ZI /nologo /W3 /WX- /Od /Oy- /D WIN32 /D _DEBUG /D _CONSOLE /D _UNICODE /D UNICODE /Gm /EHsc /RTC1 /MDd /GS /fp:precise /Zc:wchar_t /Zc:forScope /Fo"Debug\\" /Fd"Debug\vc100.pdb" /Gd /TP /analyze- /errorReport:prompt thread_t2.cpp
         thread_t2.cpp
       ManifestResourceCompile:
         C:\Program Files\Microsoft SDKs\Windows\v7.0A\bin\rc.exe /nologo /fo"Debug\thread_t2.exe.embed.manifest.res" Debug\thread_t2_manifest.rc 
       Link:
         E:\Microsoft Visual Studio\VC\bin\link.exe /ERRORREPORT:PROMPT /OUT:"d:\用户目录\documents\visual studio 2010\Projects\thread_t2\Debug\thread_t2.exe" /INCREMENTAL /NOLOGO /LIBPATH:D:\boost\stage\lib kernel32.lib user32.lib gdi32.lib winspool.lib comdlg32.lib advapi32.lib shell32.lib ole32.lib oleaut32.lib uuid.lib odbc32.lib odbccp32.lib /MANIFEST /ManifestFile:"Debug\thread_t2.exe.intermediate.manifest" /MANIFESTUAC:"level='asInvoker' uiAccess='false'" /DEBUG /PDB:"d:\用户目录\documents\visual studio 2010\Projects\thread_t2\Debug\thread_t2.pdb" /SUBSYSTEM:CONSOLE /TLBID:1 /DYNAMICBASE /NXCOMPAT /IMPLIB:"d:\用户目录\documents\visual studio 2010\Projects\thread_t2\Debug\thread_t2.lib" /MACHINE:X86 Debug\thread_t2.exe.embed.manifest.res
         Debug\stdafx.obj
         Debug\thread_t2.obj
       Manifest:
         C:\Program Files\Microsoft SDKs\Windows\v7.0A\bin\mt.exe /nologo /verbose /out:"Debug\thread_t2.exe.embed.manifest" /manifest Debug\thread_t2.exe.intermediate.manifest
         C:\Program Files\Microsoft SDKs\Windows\v7.0A\bin\rc.exe /nologo /fo"Debug\thread_t2.exe.embed.manifest.res" Debug\thread_t2_manifest.rc 
       LinkEmbedManifest:
         E:\Microsoft Visual Studio\VC\bin\link.exe /ERRORREPORT:PROMPT /OUT:"d:\用户目录\documents\visual studio 2010\Projects\thread_t2\Debug\thread_t2.exe" /INCREMENTAL /NOLOGO /LIBPATH:D:\boost\stage\lib kernel32.lib user32.lib gdi32.lib winspool.lib comdlg32.lib advapi32.lib shell32.lib ole32.lib oleaut32.lib uuid.lib odbc32.lib odbccp32.lib /MANIFEST /ManifestFile:"Debug\thread_t2.exe.intermediate.manifest" /MANIFESTUAC:"level='asInvoker' uiAccess='false'" /DEBUG /PDB:"d:\用户目录\documents\visual studio 2010\Projects\thread_t2\Debug\thread_t2.pdb" /SUBSYSTEM:CONSOLE /TLBID:1 /DYNAMICBASE /NXCOMPAT /IMPLIB:"d:\用户目录\documents\visual studio 2010\Projects\thread_t2\Debug\thread_t2.lib" /MACHINE:X86 Debug\thread_t2.exe.embed.manifest.res
         Debug\stdafx.obj
         Debug\thread_t2.obj
         thread_t2.vcxproj -> d:\用户目录\documents\visual studio 2010\Projects\thread_t2\Debug\thread_t2.exe
       FinalizeBuildStatus:
         正在删除文件“Debug\thread_t2.unsuccessfulbuild”。
         正在对“Debug\thread_t2.lastbuildstate”执行 Touch 任务。
     1>已完成生成项目“d:\用户目录\documents\visual studio 2010\Projects\thread_t2\thread_t2\thread_t2.vcxproj”(build 个目标)的操作。

生成成功。

已用时间 00:00:10.14
