生成启动时间为 2018/3/3 14:18:29。
     1>项目“E:\C-learn\mysql_t\mysql_t\mysql_t.vcxproj”在节点 2 上(build 个目标)。
     1>InitializeBuildStatus:
         正在创建“Debug\mysql_t.unsuccessfulbuild”，因为已指定“AlwaysCreate”。
       ClCompile:
         E:\Microsoft Visual Studio\VC\bin\CL.exe /c /ID:\boost /ZI /nologo /W3 /WX- /Od /Oy- /D WIN32 /D _DEBUG /D _CONSOLE /D _UNICODE /D UNICODE /Gm /EHsc /RTC1 /MDd /GS /fp:precise /Zc:wchar_t /Zc:forScope /Fo"Debug\\" /Fd"Debug\vc100.pdb" /Gd /TP /analyze- /errorReport:prompt mysql_t.cpp
         mysql_t.cpp
     1>e:\c-learn\mysql_t\mysql_t\mysql_t.cpp(89): warning C4996: 'sprintf': This function or variable may be unsafe. Consider using sprintf_s instead. To disable deprecation, use _CRT_SECURE_NO_WARNINGS. See online help for details.
                 e:\microsoft visual studio\vc\include\stdio.h(371) : 参见“sprintf”的声明
     1>e:\c-learn\mysql_t\mysql_t\mysql_t.cpp(144): warning C4996: 'strcpy': This function or variable may be unsafe. Consider using strcpy_s instead. To disable deprecation, use _CRT_SECURE_NO_WARNINGS. See online help for details.
                 e:\microsoft visual studio\vc\include\string.h(105) : 参见“strcpy”的声明
       ManifestResourceCompile:
         所有输出均为最新。
       Link:
         E:\Microsoft Visual Studio\VC\bin\link.exe /ERRORREPORT:PROMPT /OUT:"E:\C-learn\mysql_t\Debug\mysql_t.exe" /INCREMENTAL /NOLOGO kernel32.lib user32.lib gdi32.lib winspool.lib comdlg32.lib advapi32.lib shell32.lib ole32.lib oleaut32.lib uuid.lib odbc32.lib odbccp32.lib /MANIFEST /ManifestFile:"Debug\mysql_t.exe.intermediate.manifest" /MANIFESTUAC:"level='asInvoker' uiAccess='false'" /DEBUG /PDB:"E:\C-learn\mysql_t\Debug\mysql_t.pdb" /SUBSYSTEM:CONSOLE /TLBID:1 /DYNAMICBASE /NXCOMPAT /IMPLIB:"E:\C-learn\mysql_t\Debug\mysql_t.lib" /MACHINE:X86 Debug\mysql_t.exe.embed.manifest.res
         Debug\mysql_t.obj
         Debug\stdafx.obj
         D:\mysql_lib\lib\libmysql.lib
       Manifest:
         C:\Program Files\Microsoft SDKs\Windows\v7.0A\bin\mt.exe /nologo /verbose /out:"Debug\mysql_t.exe.embed.manifest" /manifest Debug\mysql_t.exe.intermediate.manifest
         所有输出均为最新。
       LinkEmbedManifest:
         所有输出均为最新。
         mysql_t.vcxproj -> E:\C-learn\mysql_t\Debug\mysql_t.exe
       FinalizeBuildStatus:
         正在删除文件“Debug\mysql_t.unsuccessfulbuild”。
         正在对“Debug\mysql_t.lastbuildstate”执行 Touch 任务。
     1>已完成生成项目“E:\C-learn\mysql_t\mysql_t\mysql_t.vcxproj”(build 个目标)的操作。

生成成功。

已用时间 00:00:02.33
