生成启动时间为 2017/10/22 21:17:53。
     1>项目“d:\用户目录\documents\visual studio 2010\Projects\MyFun\MyFun\MyFun.vcxproj”在节点 2 上(build 个目标)。
     1>InitializeBuildStatus:
         正在创建“Debug\MyFun.unsuccessfulbuild”，因为已指定“AlwaysCreate”。
       ClCompile:
         所有输出均为最新。
         E:\Microsoft Visual Studio\VC\bin\CL.exe /c /ZI /nologo /W3 /WX- /Od /Oy- /D WIN32 /D _DEBUG /D _CONSOLE /D _UNICODE /D UNICODE /Gm /EHsc /RTC1 /MTd /GS /fp:precise /Zc:wchar_t /Zc:forScope /Yu"StdAfx.h" /Fp"Debug\MyFun.pch" /Fo"Debug\\" /Fd"Debug\vc100.pdb" /Gd /TP /analyze- /errorReport:prompt MyFun.cpp
         MyFun.cpp
       ManifestResourceCompile:
         所有输出均为最新。
       Link:
         E:\Microsoft Visual Studio\VC\bin\link.exe /ERRORREPORT:PROMPT /OUT:"d:\用户目录\documents\visual studio 2010\Projects\MyFun\Debug\MyFun.exe" /INCREMENTAL /NOLOGO /LIBPATH:D:\gtest\googletest\googletest\lib kernel32.lib user32.lib gdi32.lib winspool.lib comdlg32.lib advapi32.lib shell32.lib ole32.lib oleaut32.lib uuid.lib odbc32.lib odbccp32.lib kernel32.lib user32.lib gdi32.lib winspool.lib comdlg32.lib advapi32.lib shell32.lib ole32.lib oleaut32.lib uuid.lib odbc32.lib odbccp32.lib gtestd.lib /MANIFEST /ManifestFile:"Debug\MyFun.exe.intermediate.manifest" /MANIFESTUAC:"level='asInvoker' uiAccess='false'" /DEBUG /PDB:"d:\用户目录\documents\visual studio 2010\Projects\MyFun\Debug\MyFun.pdb" /SUBSYSTEM:CONSOLE /TLBID:1 /DYNAMICBASE /NXCOMPAT /IMPLIB:"d:\用户目录\documents\visual studio 2010\Projects\MyFun\Debug\MyFun.lib" /MACHINE:X86 Debug\MyFun.exe.embed.manifest.res
         Debug\fun.obj
         Debug\MyFun.obj
         Debug\stdafx.obj
       Manifest:
         C:\Program Files\Microsoft SDKs\Windows\v7.0A\bin\mt.exe /nologo /verbose /out:"Debug\MyFun.exe.embed.manifest" /manifest Debug\MyFun.exe.intermediate.manifest
         所有输出均为最新。
       LinkEmbedManifest:
         所有输出均为最新。
         MyFun.vcxproj -> d:\用户目录\documents\visual studio 2010\Projects\MyFun\Debug\MyFun.exe
       FinalizeBuildStatus:
         正在删除文件“Debug\MyFun.unsuccessfulbuild”。
         正在对“Debug\MyFun.lastbuildstate”执行 Touch 任务。
     1>已完成生成项目“d:\用户目录\documents\visual studio 2010\Projects\MyFun\MyFun\MyFun.vcxproj”(build 个目标)的操作。

生成成功。

已用时间 00:00:02.58
