D:\用户目录\DOCUMENTS\VISUAL STUDIO 2010\PROJECTS\连续字数组最大和\DEBUG\连续字数组最大和.EXE
D:\用户目录\DOCUMENTS\VISUAL STUDIO 2010\PROJECTS\连续字数组最大和\DEBUG\连续字数组最大和.ILK
D:\用户目录\DOCUMENTS\VISUAL STUDIO 2010\PROJECTS\连续字数组最大和\DEBUG\连续字数组最大和.PDB
d:\用户目录\documents\visual studio 2010\Projects\连续字数组最大和\连续字数组最大和\Debug\cl.command.1.tlog
d:\用户目录\documents\visual studio 2010\Projects\连续字数组最大和\连续字数组最大和\Debug\CL.read.1.tlog
d:\用户目录\documents\visual studio 2010\Projects\连续字数组最大和\连续字数组最大和\Debug\CL.write.1.tlog
d:\用户目录\documents\visual studio 2010\Projects\连续字数组最大和\连续字数组最大和\Debug\link.6084.read.1.tlog
d:\用户目录\documents\visual studio 2010\Projects\连续字数组最大和\连续字数组最大和\Debug\link.6084.write.1.tlog
d:\用户目录\documents\visual studio 2010\Projects\连续字数组最大和\连续字数组最大和\Debug\link.6084-cvtres.read.1.tlog
d:\用户目录\documents\visual studio 2010\Projects\连续字数组最大和\连续字数组最大和\Debug\link.6084-cvtres.write.1.tlog
d:\用户目录\documents\visual studio 2010\Projects\连续字数组最大和\连续字数组最大和\Debug\link.command.1.tlog
d:\用户目录\documents\visual studio 2010\Projects\连续字数组最大和\连续字数组最大和\Debug\link.read.1.tlog
d:\用户目录\documents\visual studio 2010\Projects\连续字数组最大和\连续字数组最大和\Debug\link.write.1.tlog
d:\用户目录\documents\visual studio 2010\Projects\连续字数组最大和\连续字数组最大和\Debug\link-cvtres.read.1.tlog
d:\用户目录\documents\visual studio 2010\Projects\连续字数组最大和\连续字数组最大和\Debug\link-cvtres.write.1.tlog
d:\用户目录\documents\visual studio 2010\Projects\连续字数组最大和\连续字数组最大和\Debug\mt.command.1.tlog
d:\用户目录\documents\visual studio 2010\Projects\连续字数组最大和\连续字数组最大和\Debug\mt.read.1.tlog
d:\用户目录\documents\visual studio 2010\Projects\连续字数组最大和\连续字数组最大和\Debug\mt.write.1.tlog
d:\用户目录\documents\visual studio 2010\Projects\连续字数组最大和\连续字数组最大和\Debug\rc.command.1.tlog
d:\用户目录\documents\visual studio 2010\Projects\连续字数组最大和\连续字数组最大和\Debug\rc.read.1.tlog
d:\用户目录\documents\visual studio 2010\Projects\连续字数组最大和\连续字数组最大和\Debug\rc.write.1.tlog
D:\用户目录\DOCUMENTS\VISUAL STUDIO 2010\PROJECTS\连续字数组最大和\连续字数组最大和\DEBUG\STDAFX.OBJ
d:\用户目录\documents\visual studio 2010\Projects\连续字数组最大和\连续字数组最大和\Debug\vc100.idb
D:\用户目录\DOCUMENTS\VISUAL STUDIO 2010\PROJECTS\连续字数组最大和\连续字数组最大和\DEBUG\VC100.PDB
D:\用户目录\DOCUMENTS\VISUAL STUDIO 2010\PROJECTS\连续字数组最大和\连续字数组最大和\DEBUG\连续字数组最大和.EXE.EMBED.MANIFEST
D:\用户目录\DOCUMENTS\VISUAL STUDIO 2010\PROJECTS\连续字数组最大和\连续字数组最大和\DEBUG\连续字数组最大和.EXE.EMBED.MANIFEST.RES
D:\用户目录\DOCUMENTS\VISUAL STUDIO 2010\PROJECTS\连续字数组最大和\连续字数组最大和\DEBUG\连续字数组最大和.EXE.INTERMEDIATE.MANIFEST
D:\用户目录\DOCUMENTS\VISUAL STUDIO 2010\PROJECTS\连续字数组最大和\连续字数组最大和\DEBUG\连续字数组最大和.OBJ
D:\用户目录\DOCUMENTS\VISUAL STUDIO 2010\PROJECTS\连续字数组最大和\连续字数组最大和\DEBUG\连续字数组最大和.PCH
d:\用户目录\documents\visual studio 2010\Projects\连续字数组最大和\连续字数组最大和\Debug\连续字数组最大和.write.1.tlog
d:\用户目录\documents\visual studio 2010\Projects\连续字数组最大和\连续字数组最大和\Debug\连续字数组最大和_manifest.rc
